{
  "file": "/Users/avanishranjan/Documents/projects/main.go:35",
  "func": "main.init.0",
  "level": "debug",
  "msg": "logFileName: 2024-04-12.log",
  "time": "12007-12-11 411:31:31"
}
[GIN-debug] [WARNING] Creating an Engine instance with the Logger and Recovery middleware already attached.

[GIN-debug] [WARNING] Running in "debug" mode. Switch to "release" mode in production.
 - using env:	export GIN_MODE=release
 - using code:	gin.SetMode(gin.ReleaseMode)

[GIN-debug] POST   /Req/RespDevice           --> my-project/Controllers.ReqCreateDeviceApi (3 handlers)
[GIN-debug] POST   /Req/RespVerifyToken      --> my-project/Controllers.RespVerifyTokenApi (3 handlers)
[GIN-debug] POST   /ListKeys                 --> my-project/Controllers.ListKeysApi (3 handlers)
[GIN-debug] POST   /Req/RespListKeys         --> my-project/Controllers.RespListKeysTknApi (3 handlers)
[GIN-debug] [WARNING] You trusted all proxies, this is NOT safe. We recommend you to set a value.
Please check https://pkg.go.dev/github.com/gin-gonic/gin#readme-don-t-trust-all-proxies for details.
[GIN-debug] Listening and serving HTTP on :8080
{
  "file": "/Users/avanishranjan/Documents/projects/Controllers/RespListKeysTkn.go:54",
  "func": "my-project/Controllers.RespListKeysTknApi",
  "level": "info",
  "msg": "@RespVerifyTokenApi Request body:<token:ReqListKeys xmlns:token=\"http://npci.org/token/schema/\">\n    <Head ver=\"2.0\" ts=\"2022-08-17T12:23:14+05:30\" orgId=\"159022\"\nmsgId=\"001u0Ye6QdUxukF8CXMLjO4BhVxcVsruRf7\" prodType=\"PSO\" />\n    <Txn id=\"001u0Ye6QdUxukF8CXMLjO4BhVxcVsruRf7\" note=\"NA\" refId=\"001u0Ye6QdUxukF8CXMLjO4BhVxcVsruRf7\" refUrl=\"http://upi\" ts=\"2022-08- 17T12:23:14+05:30\" type=\"GetToken\" pspOrgId=\"159022\" mobile=\"8920678669\"\ntspId=\"159022\" />\n    <Creds>\n        <Cred type=\"challenge\" subType=\"initial\">\n            <Data code=\"NPCI\" ki=\"20220817\">39659a24cfcafff1|com.npci.token|8920678669|2.4-\nv1.8|LvEBCyNmx05ZqMOuhC4tH8Trb18l2Uwe8Z+Kx3vQmZgQWcR6gQgfnPTpu8wMm72x+K0vWYR hn0ubhMnRWLfYdawM94Svl7OONQJYUQaJvi9QO/69TgjRLWdDPhOhuW/lv5hY+ACYU56ARBrycIE WK/v+q91xeJTnaEA29AGxCs4MyVyoiedUQdiR3IS6HjiWGTw5hSHPzQ3bSGY2CehFIIn6kSqgaJ2 XL4OOQTJ11ONXj5IIiuqaJFRLlz+eHEbGlWA/gml5IUsuk0TrPaBO7j5GCDpoBNZXEdnsfip9Tck PA/I9Llib0N8qwis4hXm5F+NM4At9jtzbLWjdiKpqTg==</Data>\n        </Cred>\n    </Creds>\n</token:ReqListKeys>",
  "time": "12007-12-11 411:38:38"
}
{
  "file": "/Users/avanishranjan/Documents/projects/Controllers/RespListKeysTkn.go:63",
  "func": "my-project/Controllers.RespListKeysTknApi",
  "level": "info",
  "msg": "@RespVerifyTokenApi Successfully created request.",
  "time": "12007-12-11 411:38:38"
}
[GIN] 2024/04/12 - 11:15:38 | 200 |     353.966µs |             ::1 | POST     "/Req/RespListKeys"
{
  "file": "/Users/avanishranjan/Documents/projects/main.go:35",
  "func": "main.init.0",
  "level": "debug",
  "msg": "logFileName: 2024-04-12.log",
  "time": "12007-12-11 411:15:15"
}
[GIN-debug] [WARNING] Creating an Engine instance with the Logger and Recovery middleware already attached.

[GIN-debug] [WARNING] Running in "debug" mode. Switch to "release" mode in production.
 - using env:	export GIN_MODE=release
 - using code:	gin.SetMode(gin.ReleaseMode)

[GIN-debug] POST   /Req/RespDevice           --> my-project/Controllers.ReqCreateDeviceApi (3 handlers)
[GIN-debug] POST   /Req/RespVerifyToken      --> my-project/Controllers.RespVerifyTokenApi (3 handlers)
[GIN-debug] POST   /ListKeys                 --> my-project/Controllers.ListKeysApi (3 handlers)
[GIN-debug] POST   /Req/RespListKeys         --> my-project/Controllers.RespListKeysTknApi (3 handlers)
[GIN-debug] [WARNING] You trusted all proxies, this is NOT safe. We recommend you to set a value.
Please check https://pkg.go.dev/github.com/gin-gonic/gin#readme-don-t-trust-all-proxies for details.
[GIN-debug] Listening and serving HTTP on :8080
{
  "file": "/Users/avanishranjan/Documents/projects/Controllers/RespListKeysTkn.go:55",
  "func": "my-project/Controllers.RespListKeysTknApi",
  "level": "info",
  "msg": "@RespVerifyTokenApi Request body:<token:ReqListKeys xmlns:token=\"http://npci.org/token/schema/\">\n    <Head ver=\"2.0\" ts=\"2022-08-17T12:23:14+05:30\" orgId=\"159022\"\nmsgId=\"001u0Ye6QdUxukF8CXMLjO4BhVxcVsruRf7\" prodType=\"PSO\" />\n    <Txn id=\"001u0Ye6QdUxukF8CXMLjO4BhVxcVsruRf7\" note=\"NA\" refId=\"001u0Ye6QdUxukF8CXMLjO4BhVxcVsruRf7\" refUrl=\"http://upi\" ts=\"2022-08- 17T12:23:14+05:30\" type=\"GetToken\" pspOrgId=\"159022\" mobile=\"8920678669\"\ntspId=\"159022\" />\n    <Creds>\n        <Cred type=\"challenge\" subType=\"initial\">\n            <Data code=\"NPCI\" ki=\"20220817\">39659a24cfcafff1|com.npci.token|8920678669|2.4-\nv1.8|LvEBCyNmx05ZqMOuhC4tH8Trb18l2Uwe8Z+Kx3vQmZgQWcR6gQgfnPTpu8wMm72x+K0vWYR hn0ubhMnRWLfYdawM94Svl7OONQJYUQaJvi9QO/69TgjRLWdDPhOhuW/lv5hY+ACYU56ARBrycIE WK/v+q91xeJTnaEA29AGxCs4MyVyoiedUQdiR3IS6HjiWGTw5hSHPzQ3bSGY2CehFIIn6kSqgaJ2 XL4OOQTJ11ONXj5IIiuqaJFRLlz+eHEbGlWA/gml5IUsuk0TrPaBO7j5GCDpoBNZXEdnsfip9Tck PA/I9Llib0N8qwis4hXm5F+NM4At9jtzbLWjdiKpqTg==</Data>\n        </Cred>\n    </Creds>\n</token:ReqListKeys>",
  "time": "12007-12-11 411:17:17"
}
{
  "file": "/Users/avanishranjan/Documents/projects/Controllers/RespListKeysTkn.go:65",
  "func": "my-project/Controllers.RespListKeysTknApi",
  "level": "info",
  "msg": "@RespVerifyTokenApi Successfully created request.",
  "time": "12007-12-11 411:17:17"
}
[GIN] 2024/04/12 - 11:16:17 | 200 |     443.712µs |             ::1 | POST     "/Req/RespListKeys"
{
  "file": "/Users/avanishranjan/Documents/projects/main.go:35",
  "func": "main.init.0",
  "level": "debug",
  "msg": "logFileName: 2024-04-12.log",
  "time": "12007-12-11 411:11:11"
}
[GIN-debug] [WARNING] Creating an Engine instance with the Logger and Recovery middleware already attached.

[GIN-debug] [WARNING] Running in "debug" mode. Switch to "release" mode in production.
 - using env:	export GIN_MODE=release
 - using code:	gin.SetMode(gin.ReleaseMode)

[GIN-debug] POST   /Req/RespDevice           --> my-project/Controllers.ReqCreateDeviceApi (3 handlers)
[GIN-debug] POST   /Req/RespVerifyToken      --> my-project/Controllers.RespVerifyTokenApi (3 handlers)
[GIN-debug] POST   /ListKeys                 --> my-project/Controllers.ListKeysApi (3 handlers)
[GIN-debug] POST   /Req/RespListKeys         --> my-project/Controllers.RespListKeysTknApi (3 handlers)
[GIN-debug] [WARNING] You trusted all proxies, this is NOT safe. We recommend you to set a value.
Please check https://pkg.go.dev/github.com/gin-gonic/gin#readme-don-t-trust-all-proxies for details.
[GIN-debug] Listening and serving HTTP on :8080
{
  "file": "/Users/avanishranjan/Documents/projects/Controllers/RespListKeysTkn.go:56",
  "func": "my-project/Controllers.RespListKeysTknApi",
  "level": "info",
  "msg": "@RespVerifyTokenApi Request body:<token:ReqListKeys xmlns:token=\"http://npci.org/token/schema/\">\n    <Head ver=\"2.0\" ts=\"2022-08-17T12:23:14+05:30\" orgId=\"159022\"\nmsgId=\"001u0Ye6QdUxukF8CXMLjO4BhVxcVsruRf7\" prodType=\"PSO\" />\n    <Txn id=\"001u0Ye6QdUxukF8CXMLjO4BhVxcVsruRf7\" note=\"NA\" refId=\"001u0Ye6QdUxukF8CXMLjO4BhVxcVsruRf7\" refUrl=\"http://upi\" ts=\"2022-08- 17T12:23:14+05:30\" type=\"GetToken\" pspOrgId=\"159022\" mobile=\"8920678669\"\ntspId=\"159022\" />\n    <Creds>\n        <Cred type=\"challenge\" subType=\"initial\">\n            <Data code=\"NPCI\" ki=\"20220817\">39659a24cfcafff1|com.npci.token|8920678669|2.4-\nv1.8|LvEBCyNmx05ZqMOuhC4tH8Trb18l2Uwe8Z+Kx3vQmZgQWcR6gQgfnPTpu8wMm72x+K0vWYR hn0ubhMnRWLfYdawM94Svl7OONQJYUQaJvi9QO/69TgjRLWdDPhOhuW/lv5hY+ACYU56ARBrycIE WK/v+q91xeJTnaEA29AGxCs4MyVyoiedUQdiR3IS6HjiWGTw5hSHPzQ3bSGY2CehFIIn6kSqgaJ2 XL4OOQTJ11ONXj5IIiuqaJFRLlz+eHEbGlWA/gml5IUsuk0TrPaBO7j5GCDpoBNZXEdnsfip9Tck PA/I9Llib0N8qwis4hXm5F+NM4At9jtzbLWjdiKpqTg==</Data>\n        </Cred>\n    </Creds>\n</token:ReqListKeys>",
  "time": "12007-12-11 411:15:15"
}
{
  "file": "/Users/avanishranjan/Documents/projects/Controllers/RespListKeysTkn.go:66",
  "func": "my-project/Controllers.RespListKeysTknApi",
  "level": "info",
  "msg": "@RespVerifyTokenApi Successfully created request.",
  "time": "12007-12-11 411:15:15"
}
[GIN] 2024/04/12 - 11:27:15 | 200 |     718.717µs |             ::1 | POST     "/Req/RespListKeys"
{
  "file": "/Users/avanishranjan/Documents/projects/main.go:35",
  "func": "main.init.0",
  "level": "debug",
  "msg": "logFileName: 2024-04-12.log",
  "time": "12007-12-11 411:57:57"
}
[GIN-debug] [WARNING] Creating an Engine instance with the Logger and Recovery middleware already attached.

[GIN-debug] [WARNING] Running in "debug" mode. Switch to "release" mode in production.
 - using env:	export GIN_MODE=release
 - using code:	gin.SetMode(gin.ReleaseMode)

[GIN-debug] POST   /Req/RespDevice           --> my-project/Controllers.ReqCreateDeviceApi (3 handlers)
[GIN-debug] POST   /Req/RespVerifyToken      --> my-project/Controllers.RespVerifyTokenApi (3 handlers)
[GIN-debug] POST   /ListKeys                 --> my-project/Controllers.ListKeysApi (3 handlers)
[GIN-debug] POST   /Req/RespListKeys         --> my-project/Controllers.RespListKeysTknApi (3 handlers)
[GIN-debug] [WARNING] You trusted all proxies, this is NOT safe. We recommend you to set a value.
Please check https://pkg.go.dev/github.com/gin-gonic/gin#readme-don-t-trust-all-proxies for details.
[GIN-debug] Listening and serving HTTP on :8080
{
  "file": "/Users/avanishranjan/Documents/projects/Controllers/RespListKeysTkn.go:58",
  "func": "my-project/Controllers.RespListKeysTknApi",
  "level": "info",
  "msg": "@RespVerifyTokenApi Request body:<token:ReqListKeys xmlns:token=\"http://npci.org/token/schema/\">\n    <Head ver=\"2.0\" ts=\"2022-08-17T12:23:14+05:30\" orgId=\"159022\"\nmsgId=\"001u0Ye6QdUxukF8CXMLjO4BhVxcVsruRf7\" prodType=\"PSO\" />\n    <Txn id=\"001u0Ye6QdUxukF8CXMLjO4BhVxcVsruRf7\" note=\"NA\" refId=\"001u0Ye6QdUxukF8CXMLjO4BhVxcVsruRf7\" refUrl=\"http://upi\" ts=\"2022-08- 17T12:23:14+05:30\" type=\"GetToken\" pspOrgId=\"159022\" mobile=\"8920678669\"\ntspId=\"159022\" />\n    <Creds>\n        <Cred type=\"challenge\" subType=\"initial\">\n            <Data code=\"NPCI\" ki=\"20220817\">39659a24cfcafff1|com.npci.token|8920678669|2.4-\nv1.8|LvEBCyNmx05ZqMOuhC4tH8Trb18l2Uwe8Z+Kx3vQmZgQWcR6gQgfnPTpu8wMm72x+K0vWYR hn0ubhMnRWLfYdawM94Svl7OONQJYUQaJvi9QO/69TgjRLWdDPhOhuW/lv5hY+ACYU56ARBrycIE WK/v+q91xeJTnaEA29AGxCs4MyVyoiedUQdiR3IS6HjiWGTw5hSHPzQ3bSGY2CehFIIn6kSqgaJ2 XL4OOQTJ11ONXj5IIiuqaJFRLlz+eHEbGlWA/gml5IUsuk0TrPaBO7j5GCDpoBNZXEdnsfip9Tck PA/I9Llib0N8qwis4hXm5F+NM4At9jtzbLWjdiKpqTg==</Data>\n        </Cred>\n    </Creds>\n</token:ReqListKeys>",
  "time": "12007-12-11 411:00:00"
}
{
  "file": "/Users/avanishranjan/Documents/projects/Controllers/RespListKeysTkn.go:68",
  "func": "my-project/Controllers.RespListKeysTknApi",
  "level": "info",
  "msg": "@RespVerifyTokenApi Successfully created request.",
  "time": "12007-12-11 411:00:00"
}
[GIN] 2024/04/12 - 11:28:00 | 200 |     619.688µs |             ::1 | POST     "/Req/RespListKeys"
{
  "file": "/Users/avanishranjan/Documents/projects/main.go:35",
  "func": "main.init.0",
  "level": "debug",
  "msg": "logFileName: 2024-04-12.log",
  "time": "12007-12-11 411:48:48"
}
[GIN-debug] [WARNING] Creating an Engine instance with the Logger and Recovery middleware already attached.

[GIN-debug] [WARNING] Running in "debug" mode. Switch to "release" mode in production.
 - using env:	export GIN_MODE=release
 - using code:	gin.SetMode(gin.ReleaseMode)

[GIN-debug] POST   /Req/RespDevice           --> my-project/Controllers.ReqCreateDeviceApi (3 handlers)
[GIN-debug] POST   /Req/RespVerifyToken      --> my-project/Controllers.RespVerifyTokenApi (3 handlers)
[GIN-debug] POST   /ListKeys                 --> my-project/Controllers.ListKeysApi (3 handlers)
[GIN-debug] POST   /Req/RespListKeys         --> my-project/Controllers.RespListKeysTknApi (3 handlers)
[GIN-debug] [WARNING] You trusted all proxies, this is NOT safe. We recommend you to set a value.
Please check https://pkg.go.dev/github.com/gin-gonic/gin#readme-don-t-trust-all-proxies for details.
[GIN-debug] Listening and serving HTTP on :8080
{
  "file": "/Users/avanishranjan/Documents/projects/Controllers/RespListKeysTkn.go:58",
  "func": "my-project/Controllers.RespListKeysTknApi",
  "level": "info",
  "msg": "@RespVerifyTokenApi Request body:<token:ReqListKeys xmlns:token=\"http://npci.org/token/schema/\">\n    <Head ver=\"2.0\" ts=\"2022-08-17T12:23:14+05:30\" orgId=\"159022\"\nmsgId=\"001u0Ye6QdUxukF8CXMLjO4BhVxcVsruRf7\" prodType=\"PSO\" />\n    <Txn id=\"001u0Ye6QdUxukF8CXMLjO4BhVxcVsruRf7\" note=\"NA\" refId=\"001u0Ye6QdUxukF8CXMLjO4BhVxcVsruRf7\" refUrl=\"http://upi\" ts=\"2022-08- 17T12:23:14+05:30\" type=\"GetToken\" pspOrgId=\"159022\" mobile=\"8920678669\"\ntspId=\"159022\" />\n    <Creds>\n        <Cred type=\"challenge\" subType=\"initial\">\n            <Data code=\"NPCI\" ki=\"20220817\">39659a24cfcafff1|com.npci.token|8920678669|2.4-\nv1.8|LvEBCyNmx05ZqMOuhC4tH8Trb18l2Uwe8Z+Kx3vQmZgQWcR6gQgfnPTpu8wMm72x+K0vWYR hn0ubhMnRWLfYdawM94Svl7OONQJYUQaJvi9QO/69TgjRLWdDPhOhuW/lv5hY+ACYU56ARBrycIE WK/v+q91xeJTnaEA29AGxCs4MyVyoiedUQdiR3IS6HjiWGTw5hSHPzQ3bSGY2CehFIIn6kSqgaJ2 XL4OOQTJ11ONXj5IIiuqaJFRLlz+eHEbGlWA/gml5IUsuk0TrPaBO7j5GCDpoBNZXEdnsfip9Tck PA/I9Llib0N8qwis4hXm5F+NM4At9jtzbLWjdiKpqTg==</Data>\n        </Cred>\n    </Creds>\n</token:ReqListKeys>",
  "time": "12007-12-11 411:52:52"
}
{
  "file": "/Users/avanishranjan/Documents/projects/Controllers/RespListKeysTkn.go:68",
  "func": "my-project/Controllers.RespListKeysTknApi",
  "level": "info",
  "msg": "@RespVerifyTokenApi Successfully created request.",
  "time": "12007-12-11 411:52:52"
}
[GIN] 2024/04/12 - 11:34:52 | 200 |     618.579µs |             ::1 | POST     "/Req/RespListKeys"
{
  "file": "/Users/avanishranjan/Documents/projects/Controllers/RespListKeysTkn.go:58",
  "func": "my-project/Controllers.RespListKeysTknApi",
  "level": "info",
  "msg": "@RespVerifyTokenApi Request body:<token:ReqListKeys xmlns:token=\"http://npci.org/token/schema/\">\n    <Head ver=\"2.0\" ts=\"2022-08-17T12:23:14+05:30\" orgId=\"159022\"\nmsgId=\"001u0Ye6QdUxukF8CXMLjO4BhVxcVsruRf7\" prodType=\"PSO\" />\n    <Txn id=\"001u0Ye6QdUxukF8CXMLjO4BhVxcVsruRf7\" note=\"NA\" refId=\"001u0Ye6QdUxukF8CXMLjO4BhVxcVsruRf7\" refUrl=\"http://upi\" ts=\"2022-08- 17T12:23:14+05:30\" type=\"GetToken\" pspOrgId=\"159022\" mobile=\"8920678669\"\ntspId=\"159022\" />\n    <Creds>\n        <Cred type=\"challenge\" subType=\"initial\">\n            <Data code=\"NPCI\" ki=\"20220817\">39659a24cfcafff1|com.npci.token|8920678669|2.4-\nv1.8|LvEBCyNmx05ZqMOuhC4tH8Trb18l2Uwe8Z+Kx3vQmZgQWcR6gQgfnPTpu8wMm72x+K0vWYR hn0ubhMnRWLfYdawM94Svl7OONQJYUQaJvi9QO/69TgjRLWdDPhOhuW/lv5hY+ACYU56ARBrycIE WK/v+q91xeJTnaEA29AGxCs4MyVyoiedUQdiR3IS6HjiWGTw5hSHPzQ3bSGY2CehFIIn6kSqgaJ2 XL4OOQTJ11ONXj5IIiuqaJFRLlz+eHEbGlWA/gml5IUsuk0TrPaBO7j5GCDpoBNZXEdnsfip9Tck PA/I9Llib0N8qwis4hXm5F+NM4At9jtzbLWjdiKpqTg==</Data>\n        </Cred>\n    </Creds>\n</token:ReqListKeys>",
  "time": "12007-12-11 411:18:18"
}
{
  "file": "/Users/avanishranjan/Documents/projects/Controllers/RespListKeysTkn.go:68",
  "func": "my-project/Controllers.RespListKeysTknApi",
  "level": "info",
  "msg": "@RespVerifyTokenApi Successfully created request.",
  "time": "12007-12-11 411:18:18"
}
[GIN] 2024/04/12 - 11:36:18 | 200 |     410.778µs |             ::1 | POST     "/Req/RespListKeys"
{
  "file": "/Users/avanishranjan/Documents/projects/Controllers/ListKeys.go:33",
  "func": "my-project/Controllers.ListKeysApi",
  "level": "info",
  "msg": "Request body:<token:ReqListKeys xmlns:token=\"http://npci.org/token/schema/\">\n    <Head msgId=\"001cpHRvI5XH8hc2ezt7PI2xebpuHpN8eO0\" orgId=\"159022\"\nprodType=\"PSO\" ts=\"2022-08-17T11:15:33+05:30\" ver=\"2.0\" />\n    <Txn id=\"001cpHRvI5XH8hc2ezt7PI2xebpuHpN8eO0\" mobile=\"8920678669\"\nnote=\"NA\" pspOrgId=\"159022\" refId=\"001cpHRvI5XH8hc2ezt7PI2xebpuHpN8eO0\" refUrl=\"http://upi\" ts=\"2022-08-17T11:15:33+05:30\" tspId=\"159022\" type=\"ListKeys\" />\n</token:ReqListKeys>",
  "time": "12007-12-11 411:02:02"
}
{
  "file": "/Users/avanishranjan/Documents/projects/Controllers/ListKeys.go:43",
  "func": "my-project/Controllers.ListKeysApi",
  "level": "info",
  "msg": "Successfully created request.",
  "time": "12007-12-11 411:02:02"
}
[GIN] 2024/04/12 - 11:38:02 | 200 |     295.785µs |             ::1 | POST     "/ListKeys"
{
  "file": "/Users/avanishranjan/Documents/projects/main.go:35",
  "func": "main.init.0",
  "level": "debug",
  "msg": "logFileName: 2024-04-12.log",
  "time": "12007-12-12 412:04:04"
}
[GIN-debug] [WARNING] Creating an Engine instance with the Logger and Recovery middleware already attached.

[GIN-debug] [WARNING] Running in "debug" mode. Switch to "release" mode in production.
 - using env:	export GIN_MODE=release
 - using code:	gin.SetMode(gin.ReleaseMode)

[GIN-debug] POST   /Req/RespDevice           --> my-project/Controllers.ReqCreateDeviceApi (3 handlers)
[GIN-debug] POST   /Req/RespVerifyToken      --> my-project/Controllers.RespVerifyTokenApi (3 handlers)
[GIN-debug] POST   /ListKeys                 --> my-project/Controllers.ListKeysApi (3 handlers)
[GIN-debug] POST   /Req/RespListKeys         --> my-project/Controllers.RespListKeysTknApi (3 handlers)
[GIN-debug] [WARNING] You trusted all proxies, this is NOT safe. We recommend you to set a value.
Please check https://pkg.go.dev/github.com/gin-gonic/gin#readme-don-t-trust-all-proxies for details.
[GIN-debug] Listening and serving HTTP on :8080
{
  "file": "/Users/avanishranjan/Documents/projects/Controllers/RespVerifyToken.go:37",
  "func": "my-project/Controllers.RespVerifyTokenApi",
  "level": "info",
  "msg": "@RespVerifyTokenApi Request body:<token:ReqVerifyToken xmlns:token=\"http://npci.org/token/schema/\">\n    <Head ver=\"1.0\" ts=\"\" orgId=\"\" msgId=\"\" />\n    <ReqDetails type=\"Type2\">\n        <User>\n            <DeviceInfo>\n                <Tag name=\"DEVICEID\" value=\"\"/>\n                <Tag name=\"GEOCODE\" value=\"\"/>\n                <Tag name=\"LOCATION\" value=\"\" />\n                <Tag name=\"IP\" value=\"\" />\n                <Tag name=\"TYPE\" value=\"\" />\n                <Tag name=\"ID\" value=\"\" />\n                <Tag name=\"OS\" value=\"\" />\n                <Tag name=\"APP\" value=\"\" />\n                <Tag name=\"CAPABILITY\" value=\"\" />\n                <Tag name=\"ISP\" value=\"Airtel/Vodafone/..\" />\n                <Tag name=\"OSVERSION\" value=\"12.0\" />\n                <Tag name=\"MANUFACTUFER\" value=\"Redmi\" />\n                <Tag name=\"MODEL\" value=\"Note 8 pro\" />\n                <Tag name=\"PACKAGENAME\" value=\"com.tsp.token\" />\n                <Tag name=\"MVERSION\" value=\"11.0\" />\n            </DeviceInfo>\n            <Details>\n                <Detail name=\"tokenId\" value=\"asdghf\"/>\n            </Details>\n        </User>\n    </ReqDetails>\n</token:ReqVerifyToken>",
  "time": "12007-12-12 412:23:23"
}
{
  "file": "/Users/avanishranjan/Documents/projects/Controllers/RespVerifyToken.go:46",
  "func": "my-project/Controllers.RespVerifyTokenApi",
  "level": "info",
  "msg": "@RespVerifyTokenApi Successfully created request.",
  "time": "12007-12-12 412:23:23"
}
[GIN] 2024/04/12 - 12:01:23 | 200 |     525.898µs |             ::1 | POST     "/Req/RespVerifyToken"
{
  "file": "/Users/avanishranjan/Documents/projects/main.go:35",
  "func": "main.init.0",
  "level": "debug",
  "msg": "logFileName: 2024-04-12.log",
  "time": "12007-12-12 412:24:24"
}
[GIN-debug] [WARNING] Creating an Engine instance with the Logger and Recovery middleware already attached.

[GIN-debug] [WARNING] Running in "debug" mode. Switch to "release" mode in production.
 - using env:	export GIN_MODE=release
 - using code:	gin.SetMode(gin.ReleaseMode)

[GIN-debug] POST   /Req/RespDevice           --> my-project/Controllers.ReqCreateDeviceApi (3 handlers)
[GIN-debug] POST   /Req/RespVerifyToken      --> my-project/Controllers.RespVerifyTokenApi (3 handlers)
[GIN-debug] POST   /ListKeys                 --> my-project/Controllers.ListKeysApi (3 handlers)
[GIN-debug] POST   /Req/RespListKeys         --> my-project/Controllers.RespListKeysTknApi (3 handlers)
[GIN-debug] [WARNING] You trusted all proxies, this is NOT safe. We recommend you to set a value.
Please check https://pkg.go.dev/github.com/gin-gonic/gin#readme-don-t-trust-all-proxies for details.
[GIN-debug] Listening and serving HTTP on :8080
{
  "file": "/Users/avanishranjan/Documents/projects/Controllers/RespVerifyToken.go:37",
  "func": "my-project/Controllers.RespVerifyTokenApi",
  "level": "info",
  "msg": "@RespVerifyTokenApi Request body:<token:ReqVerifyToken xmlns:token=\"http://npci.org/token/schema/\">\n    <Head ver=\"1.0\" ts=\"\" orgId=\"\" msgId=\"\" />\n    <ReqDetails type=\"Type2\">\n        <User>\n            <DeviceInfo>\n                <Tag name=\"DEVICEID\" value=\"\"/>\n                <Tag name=\"GEOCODE\" value=\"\"/>\n                <Tag name=\"LOCATION\" value=\"\" />\n                <Tag name=\"IP\" value=\"\" />\n                <Tag name=\"TYPE\" value=\"\" />\n                <Tag name=\"ID\" value=\"\" />\n                <Tag name=\"OS\" value=\"\" />\n                <Tag name=\"APP\" value=\"\" />\n                <Tag name=\"CAPABILITY\" value=\"\" />\n                <Tag name=\"ISP\" value=\"Airtel/Vodafone/..\" />\n                <Tag name=\"OSVERSION\" value=\"12.0\" />\n                <Tag name=\"MANUFACTUFER\" value=\"Redmi\" />\n                <Tag name=\"MODEL\" value=\"Note 8 pro\" />\n                <Tag name=\"PACKAGENAME\" value=\"com.tsp.token\" />\n                <Tag name=\"MVERSION\" value=\"11.0\" />\n            </DeviceInfo>\n            <Details>\n                <Detail name=\"tokenId\" value=\"asdghf\"/>\n            </Details>\n        </User>\n    </ReqDetails>\n</token:ReqVerifyToken>",
  "time": "12007-12-12 412:32:32"
}
{
  "file": "/Users/avanishranjan/Documents/projects/Controllers/RespVerifyToken.go:46",
  "func": "my-project/Controllers.RespVerifyTokenApi",
  "level": "info",
  "msg": "@RespVerifyTokenApi Successfully created request.",
  "time": "12007-12-12 412:32:32"
}
[GIN] 2024/04/12 - 12:05:32 | 200 |     595.278µs |             ::1 | POST     "/Req/RespVerifyToken"
{
  "file": "/Users/avanishranjan/Documents/projects/Controllers/ReqCreateDevice.go:50",
  "func": "my-project/Controllers.ReqCreateDeviceApi",
  "level": "info",
  "msg": "Request body:<token:ReqCreateDevice xmlns:token=\"http://npci.org/token/schema/\">\n    <Head ver=\"1.0\" ts=\"\" orgId=\"\" msgId=\"\" />\n    <ReqDetails type=\"Type2\">\n        <User>\n            <DeviceInfo>\n                <Tag name=\"DEVICEID\" value=\"\"/>\n                <Tag name=\"GEOCODE\" value=\"\"/>\n                <Tag name=\"LOCATION\" value=\"\" />\n                <Tag name=\"IP\" value=\"\" />\n                <Tag name=\"TYPE\" value=\"\" />\n                <Tag name=\"ID\" value=\"\" />\n                <Tag name=\"OS\" value=\"\" />\n                <Tag name=\"APP\" value=\"\" />\n                <Tag name=\"CAPABILITY\" value=\"\" />\n                <Tag name=\"ISP\" value=\"Airtel/Vodafone/..\" />\n                <Tag name=\"OSVERSION\" value=\"12.0\" />\n                <Tag name=\"MANUFACTUFER\" value=\"Redmi\" />\n                <Tag name=\"MODEL\" value=\"Note 8 pro\" />\n                <Tag name=\"PACKAGENAME\" value=\"com.tsp.token\" />\n                <Tag name=\"MVERSION\" value=\"11.0\" />\n            </DeviceInfo>\n            <Strategies>\n                <Strategy>\n                    <Detail name=\"isRooted\" value=\"Not Rooted\"/>\n                </Strategy>\n            </Strategies>\n        </User>\n    </ReqDetails>\n</token:ReqCreateDevice>",
  "time": "12007-12-12 412:38:38"
}
{
  "file": "/Users/avanishranjan/Documents/projects/Controllers/ReqCreateDevice.go:59",
  "func": "my-project/Controllers.ReqCreateDeviceApi",
  "level": "info",
  "msg": "Successfully created request.",
  "time": "12007-12-12 412:38:38"
}
[GIN] 2024/04/12 - 12:05:38 | 200 |      251.15µs |             ::1 | POST     "/Req/RespDevice"
[GIN] 2024/04/12 - 12:19:55 | 404 |         429ns |             ::1 | POST     "/Req/RespListAccPvd"
{
  "file": "/Users/avanishranjan/Documents/projects/main.go:35",
  "func": "main.init.0",
  "level": "debug",
  "msg": "logFileName: 2024-04-12.log",
  "time": "12007-12-12 412:17:17"
}
[GIN-debug] [WARNING] Creating an Engine instance with the Logger and Recovery middleware already attached.

[GIN-debug] [WARNING] Running in "debug" mode. Switch to "release" mode in production.
 - using env:	export GIN_MODE=release
 - using code:	gin.SetMode(gin.ReleaseMode)

[GIN-debug] POST   /Req/RespDevice           --> my-project/Controllers.ReqCreateDeviceApi (3 handlers)
[GIN-debug] POST   /Req/RespVerifyToken      --> my-project/Controllers.RespVerifyTokenApi (3 handlers)
[GIN-debug] POST   /ListKeys                 --> my-project/Controllers.ListKeysApi (3 handlers)
[GIN-debug] POST   /Req/RespListKeys         --> my-project/Controllers.RespListKeysTknApi (3 handlers)
[GIN-debug] POST   /Req/RespListAccPvd       --> my-project/Controllers.RespListAccPvdApi (3 handlers)
[GIN-debug] [WARNING] You trusted all proxies, this is NOT safe. We recommend you to set a value.
Please check https://pkg.go.dev/github.com/gin-gonic/gin#readme-don-t-trust-all-proxies for details.
[GIN-debug] Listening and serving HTTP on :8080
{
  "file": "/Users/avanishranjan/Documents/projects/Controllers/RespListAccPvd.go:19",
  "func": "my-project/Controllers.RespListAccPvdApi",
  "level": "info",
  "msg": "@RespListAccPvdApi Request body:<ns2:ReqListAccPvd xmlns:ns2=\"http://npci.org/upi/schema/\">\n    <Head msgId=\"b2ZbOEWcnkDOzNDW6AXJNOPv1uO6OZxGijb\" orgId=\"400011\"\nprodType=\"PSO\" ts=\"2022-07-28T21:41:52+05:30\" ver=\"2.0\" />\n    <Txn id=\"JZWRxIizybKtYB3M714bSnsrDtTh9KJhnJE\" note=\"LISTACCPVD\"\nrefId=\"b2ZbOEWcnkDOzNDW6AXJNOPv1uO6OZxGijb\" refUrl=\"http://upi\" ts=\"2022-07- 28T21:41:52+05:30\" type=\"LISTACCPVD\" />\n</ns2:ReqListAccPvd>",
  "time": "12007-12-12 412:20:20"
}
{
  "file": "/Users/avanishranjan/Documents/projects/Controllers/RespListAccPvd.go:34",
  "func": "my-project/Controllers.RespListAccPvdApi",
  "level": "info",
  "msg": "@RespListAccPvdApi Successfully created request.",
  "time": "12007-12-12 412:20:20"
}
[GIN] 2024/04/12 - 12:24:20 | 200 |     536.139µs |             ::1 | POST     "/Req/RespListAccPvd"
{
  "file": "/Users/avanishranjan/Documents/projects/main.go:35",
  "func": "main.init.0",
  "level": "debug",
  "msg": "logFileName: 2024-04-12.log",
  "time": "12007-12-12 412:22:22"
}
[GIN-debug] [WARNING] Creating an Engine instance with the Logger and Recovery middleware already attached.

[GIN-debug] [WARNING] Running in "debug" mode. Switch to "release" mode in production.
 - using env:	export GIN_MODE=release
 - using code:	gin.SetMode(gin.ReleaseMode)

[GIN-debug] POST   /Req/RespDevice           --> my-project/Controllers.ReqCreateDeviceApi (3 handlers)
[GIN-debug] POST   /Req/RespVerifyToken      --> my-project/Controllers.RespVerifyTokenApi (3 handlers)
[GIN-debug] POST   /ListKeys                 --> my-project/Controllers.ListKeysApi (3 handlers)
[GIN-debug] POST   /Req/RespListKeys         --> my-project/Controllers.RespListKeysTknApi (3 handlers)
[GIN-debug] POST   /Req/RespListAccPvd       --> my-project/Controllers.RespListAccPvdApi (3 handlers)
[GIN-debug] [WARNING] You trusted all proxies, this is NOT safe. We recommend you to set a value.
Please check https://pkg.go.dev/github.com/gin-gonic/gin#readme-don-t-trust-all-proxies for details.
[GIN-debug] Listening and serving HTTP on :8080
{
  "file": "/Users/avanishranjan/Documents/projects/Controllers/RespListAccPvd.go:19",
  "func": "my-project/Controllers.RespListAccPvdApi",
  "level": "info",
  "msg": "@RespListAccPvdApi Request body:<ns2:ReqListAccPvd xmlns:ns2=\"http://npci.org/upi/schema/\">\n    <Head msgId=\"b2ZbOEWcnkDOzNDW6AXJNOPv1uO6OZxGijb\" orgId=\"400011\"\nprodType=\"PSO\" ts=\"2022-07-28T21:41:52+05:30\" ver=\"2.0\" />\n    <Txn id=\"JZWRxIizybKtYB3M714bSnsrDtTh9KJhnJE\" note=\"LISTACCPVD\"\nrefId=\"b2ZbOEWcnkDOzNDW6AXJNOPv1uO6OZxGijb\" refUrl=\"http://upi\" ts=\"2022-07- 28T21:41:52+05:30\" type=\"LISTACCPVD\" />\n</ns2:ReqListAccPvd>",
  "time": "12007-12-12 412:23:23"
}
{
  "file": "/Users/avanishranjan/Documents/projects/Controllers/RespListAccPvd.go:34",
  "func": "my-project/Controllers.RespListAccPvdApi",
  "level": "info",
  "msg": "@RespListAccPvdApi Successfully created request.",
  "time": "12007-12-12 412:23:23"
}
[GIN] 2024/04/12 - 12:25:23 | 200 |     721.161µs |             ::1 | POST     "/Req/RespListAccPvd"
{
  "file": "/Users/avanishranjan/Documents/projects/main.go:35",
  "func": "main.init.0",
  "level": "debug",
  "msg": "logFileName: 2024-04-12.log",
  "time": "12007-12-12 412:42:42"
}
[GIN-debug] [WARNING] Creating an Engine instance with the Logger and Recovery middleware already attached.

[GIN-debug] [WARNING] Running in "debug" mode. Switch to "release" mode in production.
 - using env:	export GIN_MODE=release
 - using code:	gin.SetMode(gin.ReleaseMode)

[GIN-debug] POST   /Req/RespDevice           --> my-project/Controllers.ReqCreateDeviceApi (3 handlers)
[GIN-debug] POST   /Req/RespVerifyToken      --> my-project/Controllers.RespVerifyTokenApi (3 handlers)
[GIN-debug] POST   /ListKeys                 --> my-project/Controllers.ListKeysApi (3 handlers)
[GIN-debug] POST   /Req/RespListKeys         --> my-project/Controllers.RespListKeysTknApi (3 handlers)
[GIN-debug] POST   /Req/RespListAccPvd       --> my-project/Controllers.RespListAccPvdApi (3 handlers)
[GIN-debug] [WARNING] You trusted all proxies, this is NOT safe. We recommend you to set a value.
Please check https://pkg.go.dev/github.com/gin-gonic/gin#readme-don-t-trust-all-proxies for details.
[GIN-debug] Listening and serving HTTP on :8080
{
  "file": "/Users/avanishranjan/Documents/projects/Controllers/RespListAccPvd.go:19",
  "func": "my-project/Controllers.RespListAccPvdApi",
  "level": "info",
  "msg": "@RespListAccPvdApi Request body:<ns2:ReqListAccPvd xmlns:ns2=\"http://npci.org/upi/schema/\">\n    <Head msgId=\"b2ZbOEWcnkDOzNDW6AXJNOPv1uO6OZxGijb\" orgId=\"400011\"\nprodType=\"PSO\" ts=\"2022-07-28T21:41:52+05:30\" ver=\"2.0\" />\n    <Txn id=\"JZWRxIizybKtYB3M714bSnsrDtTh9KJhnJE\" note=\"LISTACCPVD\"\nrefId=\"b2ZbOEWcnkDOzNDW6AXJNOPv1uO6OZxGijb\" refUrl=\"http://upi\" ts=\"2022-07- 28T21:41:52+05:30\" type=\"LISTACCPVD\" />\n</ns2:ReqListAccPvd>",
  "time": "12007-12-12 412:45:45"
}
{
  "file": "/Users/avanishranjan/Documents/projects/Controllers/RespListAccPvd.go:34",
  "func": "my-project/Controllers.RespListAccPvdApi",
  "level": "info",
  "msg": "@RespListAccPvdApi Successfully created request.",
  "time": "12007-12-12 412:45:45"
}
[GIN] 2024/04/12 - 12:34:45 | 200 |     650.221µs |             ::1 | POST     "/Req/RespListAccPvd"
{
  "file": "/Users/avanishranjan/Documents/projects/main.go:35",
  "func": "main.init.0",
  "level": "debug",
  "msg": "logFileName: 2024-04-12.log",
  "time": "12007-12-12 412:52:52"
}
[GIN-debug] [WARNING] Creating an Engine instance with the Logger and Recovery middleware already attached.

[GIN-debug] [WARNING] Running in "debug" mode. Switch to "release" mode in production.
 - using env:	export GIN_MODE=release
 - using code:	gin.SetMode(gin.ReleaseMode)

[GIN-debug] POST   /Req/RespDevice           --> my-project/Controllers.ReqCreateDeviceApi (3 handlers)
[GIN-debug] POST   /Req/RespVerifyToken      --> my-project/Controllers.RespVerifyTokenApi (3 handlers)
[GIN-debug] POST   /ListKeys                 --> my-project/Controllers.ListKeysApi (3 handlers)
[GIN-debug] POST   /Req/RespListKeys         --> my-project/Controllers.RespListKeysTknApi (3 handlers)
[GIN-debug] POST   /Req/RespListAccPvd       --> my-project/Controllers.RespListAccPvdApi (3 handlers)
[GIN-debug] [WARNING] You trusted all proxies, this is NOT safe. We recommend you to set a value.
Please check https://pkg.go.dev/github.com/gin-gonic/gin#readme-don-t-trust-all-proxies for details.
[GIN-debug] Listening and serving HTTP on :8080
{
  "file": "/Users/avanishranjan/Documents/projects/Controllers/RespListAccPvd.go:19",
  "func": "my-project/Controllers.RespListAccPvdApi",
  "level": "info",
  "msg": "@RespListAccPvdApi Request body:<ns2:ReqListAccPvd xmlns:ns2=\"http://npci.org/upi/schema/\">\n    <Head msgId=\"b2ZbOEWcnkDOzNDW6AXJNOPv1uO6OZxGijb\" orgId=\"400011\"\nprodType=\"PSO\" ts=\"2022-07-28T21:41:52+05:30\" ver=\"2.0\" />\n    <Txn id=\"JZWRxIizybKtYB3M714bSnsrDtTh9KJhnJE\" note=\"LISTACCPVD\"\nrefId=\"b2ZbOEWcnkDOzNDW6AXJNOPv1uO6OZxGijb\" refUrl=\"http://upi\" ts=\"2022-07- 28T21:41:52+05:30\" type=\"LISTACCPVD\" />\n</ns2:ReqListAccPvd>",
  "time": "12007-12-12 412:54:54"
}
{
  "file": "/Users/avanishranjan/Documents/projects/Controllers/RespListAccPvd.go:34",
  "func": "my-project/Controllers.RespListAccPvdApi",
  "level": "info",
  "msg": "@RespListAccPvdApi Successfully created request.",
  "time": "12007-12-12 412:54:54"
}
[GIN] 2024/04/12 - 12:37:54 | 200 |     911.431µs |             ::1 | POST     "/Req/RespListAccPvd"
{
  "file": "/Users/avanishranjan/Documents/projects/main.go:35",
  "func": "main.init.0",
  "level": "debug",
  "msg": "logFileName: 2024-04-12.log",
  "time": "12007-12-12 412:43:43"
}
[GIN-debug] [WARNING] Creating an Engine instance with the Logger and Recovery middleware already attached.

[GIN-debug] [WARNING] Running in "debug" mode. Switch to "release" mode in production.
 - using env:	export GIN_MODE=release
 - using code:	gin.SetMode(gin.ReleaseMode)

[GIN-debug] POST   /Req/RespDevice           --> my-project/Controllers.ReqCreateDeviceApi (3 handlers)
[GIN-debug] POST   /Req/RespVerifyToken      --> my-project/Controllers.RespVerifyTokenApi (3 handlers)
[GIN-debug] POST   /ListKeys                 --> my-project/Controllers.ListKeysApi (3 handlers)
[GIN-debug] POST   /Req/RespListKeys         --> my-project/Controllers.RespListKeysTknApi (3 handlers)
[GIN-debug] POST   /Req/RespListAccPvd       --> my-project/Controllers.RespListAccPvdApi (3 handlers)
[GIN-debug] [WARNING] You trusted all proxies, this is NOT safe. We recommend you to set a value.
Please check https://pkg.go.dev/github.com/gin-gonic/gin#readme-don-t-trust-all-proxies for details.
[GIN-debug] Listening and serving HTTP on :8080
{
  "file": "/Users/avanishranjan/Documents/projects/Controllers/RespListAccPvd.go:19",
  "func": "my-project/Controllers.RespListAccPvdApi",
  "level": "info",
  "msg": "@RespListAccPvdApi Request body:<ns2:ReqListAccPvd xmlns:ns2=\"http://npci.org/upi/schema/\">\n    <Head msgId=\"b2ZbOEWcnkDOzNDW6AXJNOPv1uO6OZxGijb\" orgId=\"400011\"\nprodType=\"PSO\" ts=\"2022-07-28T21:41:52+05:30\" ver=\"2.0\" />\n    <Txn id=\"JZWRxIizybKtYB3M714bSnsrDtTh9KJhnJE\" note=\"LISTACCPVD\"\nrefId=\"b2ZbOEWcnkDOzNDW6AXJNOPv1uO6OZxGijb\" refUrl=\"http://upi\" ts=\"2022-07- 28T21:41:52+05:30\" type=\"LISTACCPVD\" />\n</ns2:ReqListAccPvd>",
  "time": "12007-12-12 412:44:44"
}
{
  "file": "/Users/avanishranjan/Documents/projects/Controllers/RespListAccPvd.go:34",
  "func": "my-project/Controllers.RespListAccPvdApi",
  "level": "info",
  "msg": "@RespListAccPvdApi Successfully created request.",
  "time": "12007-12-12 412:44:44"
}
[GIN] 2024/04/12 - 12:39:44 | 200 |     668.021µs |             ::1 | POST     "/Req/RespListAccPvd"
{
  "file": "/Users/avanishranjan/Documents/projects/main.go:35",
  "func": "main.init.0",
  "level": "debug",
  "msg": "logFileName: 2024-04-12.log",
  "time": "12007-12-12 412:53:53"
}
[GIN-debug] [WARNING] Creating an Engine instance with the Logger and Recovery middleware already attached.

[GIN-debug] [WARNING] Running in "debug" mode. Switch to "release" mode in production.
 - using env:	export GIN_MODE=release
 - using code:	gin.SetMode(gin.ReleaseMode)

[GIN-debug] POST   /Req/RespDevice           --> my-project/Controllers.ReqCreateDeviceApi (3 handlers)
[GIN-debug] POST   /Req/RespVerifyToken      --> my-project/Controllers.RespVerifyTokenApi (3 handlers)
[GIN-debug] POST   /ListKeys                 --> my-project/Controllers.ListKeysApi (3 handlers)
[GIN-debug] POST   /Req/RespListKeys         --> my-project/Controllers.RespListKeysTknApi (3 handlers)
[GIN-debug] POST   /Req/RespListAccPvd       --> my-project/Controllers.RespListAccPvdApi (3 handlers)
[GIN-debug] [WARNING] You trusted all proxies, this is NOT safe. We recommend you to set a value.
Please check https://pkg.go.dev/github.com/gin-gonic/gin#readme-don-t-trust-all-proxies for details.
[GIN-debug] Listening and serving HTTP on :8080
{
  "file": "/Users/avanishranjan/Documents/projects/Controllers/RespListAccPvd.go:19",
  "func": "my-project/Controllers.RespListAccPvdApi",
  "level": "info",
  "msg": "@RespListAccPvdApi Request body:<ns2:ReqListAccPvd xmlns:ns2=\"http://npci.org/upi/schema/\">\n    <Head msgId=\"b2ZbOEWcnkDOzNDW6AXJNOPv1uO6OZxGijb\" orgId=\"400011\"\nprodType=\"PSO\" ts=\"2022-07-28T21:41:52+05:30\" ver=\"2.0\" />\n    <Txn id=\"JZWRxIizybKtYB3M714bSnsrDtTh9KJhnJE\" note=\"LISTACCPVD\"\nrefId=\"b2ZbOEWcnkDOzNDW6AXJNOPv1uO6OZxGijb\" refUrl=\"http://upi\" ts=\"2022-07- 28T21:41:52+05:30\" type=\"LISTACCPVD\" />\n</ns2:ReqListAccPvd>",
  "time": "12007-12-12 412:55:55"
}
{
  "file": "/Users/avanishranjan/Documents/projects/Controllers/RespListAccPvd.go:34",
  "func": "my-project/Controllers.RespListAccPvdApi",
  "level": "info",
  "msg": "@RespListAccPvdApi Successfully created request.",
  "time": "12007-12-12 412:55:55"
}
[GIN] 2024/04/12 - 12:44:55 | 200 |     600.884µs |             ::1 | POST     "/Req/RespListAccPvd"
{
  "file": "/Users/avanishranjan/Documents/projects/main.go:35",
  "func": "main.init.0",
  "level": "debug",
  "msg": "logFileName: 2024-04-12.log",
  "time": "12007-12-12 412:04:04"
}
[GIN-debug] [WARNING] Creating an Engine instance with the Logger and Recovery middleware already attached.

[GIN-debug] [WARNING] Running in "debug" mode. Switch to "release" mode in production.
 - using env:	export GIN_MODE=release
 - using code:	gin.SetMode(gin.ReleaseMode)

[GIN-debug] POST   /Req/RespDevice           --> my-project/Controllers.ReqCreateDeviceApi (3 handlers)
[GIN-debug] POST   /Req/RespVerifyToken      --> my-project/Controllers.RespVerifyTokenApi (3 handlers)
[GIN-debug] POST   /ListKeys                 --> my-project/Controllers.ListKeysApi (3 handlers)
[GIN-debug] POST   /Req/RespListKeys         --> my-project/Controllers.RespListKeysTknApi (3 handlers)
[GIN-debug] POST   /Req/RespListAccPvd       --> my-project/Controllers.RespListAccPvdApi (3 handlers)
[GIN-debug] [WARNING] You trusted all proxies, this is NOT safe. We recommend you to set a value.
Please check https://pkg.go.dev/github.com/gin-gonic/gin#readme-don-t-trust-all-proxies for details.
[GIN-debug] Listening and serving HTTP on :8080
{
  "file": "/Users/avanishranjan/Documents/projects/Controllers/RespListAccPvd.go:19",
  "func": "my-project/Controllers.RespListAccPvdApi",
  "level": "info",
  "msg": "@RespListAccPvdApi Request body:<ns2:ReqListAccPvd xmlns:ns2=\"http://npci.org/upi/schema/\">\n    <Head msgId=\"b2ZbOEWcnkDOzNDW6AXJNOPv1uO6OZxGijb\" orgId=\"400011\"\nprodType=\"PSO\" ts=\"2022-07-28T21:41:52+05:30\" ver=\"2.0\" />\n    <Txn id=\"JZWRxIizybKtYB3M714bSnsrDtTh9KJhnJE\" note=\"LISTACCPVD\"\nrefId=\"b2ZbOEWcnkDOzNDW6AXJNOPv1uO6OZxGijb\" refUrl=\"http://upi\" ts=\"2022-07- 28T21:41:52+05:30\" type=\"LISTACCPVD\" />\n</ns2:ReqListAccPvd>",
  "time": "12007-12-12 412:06:06"
}
{
  "file": "/Users/avanishranjan/Documents/projects/Controllers/RespListAccPvd.go:34",
  "func": "my-project/Controllers.RespListAccPvdApi",
  "level": "info",
  "msg": "@RespListAccPvdApi Successfully created request.",
  "time": "12007-12-12 412:06:06"
}
[GIN] 2024/04/12 - 12:48:06 | 200 |     633.956µs |             ::1 | POST     "/Req/RespListAccPvd"
{
  "file": "/Users/avanishranjan/Documents/projects/main.go:35",
  "func": "main.init.0",
  "level": "debug",
  "msg": "logFileName: 2024-04-12.log",
  "time": "12007-12-12 412:36:36"
}
[GIN-debug] [WARNING] Creating an Engine instance with the Logger and Recovery middleware already attached.

[GIN-debug] [WARNING] Running in "debug" mode. Switch to "release" mode in production.
 - using env:	export GIN_MODE=release
 - using code:	gin.SetMode(gin.ReleaseMode)

[GIN-debug] POST   /Req/RespDevice           --> my-project/Controllers.ReqCreateDeviceApi (3 handlers)
[GIN-debug] POST   /Req/RespVerifyToken      --> my-project/Controllers.RespVerifyTokenApi (3 handlers)
[GIN-debug] POST   /ListKeys                 --> my-project/Controllers.ListKeysApi (3 handlers)
[GIN-debug] POST   /Req/RespListKeys         --> my-project/Controllers.RespListKeysTknApi (3 handlers)
[GIN-debug] POST   /Req/RespListAccPvd       --> my-project/Controllers.RespListAccPvdApi (3 handlers)
[GIN-debug] [WARNING] You trusted all proxies, this is NOT safe. We recommend you to set a value.
Please check https://pkg.go.dev/github.com/gin-gonic/gin#readme-don-t-trust-all-proxies for details.
[GIN-debug] Listening and serving HTTP on :8080
{
  "file": "/Users/avanishranjan/Documents/projects/Controllers/RespListAccPvd.go:19",
  "func": "my-project/Controllers.RespListAccPvdApi",
  "level": "info",
  "msg": "@RespListAccPvdApi Request body:<ns2:ReqListAccPvd xmlns:ns2=\"http://npci.org/upi/schema/\">\n    <Head msgId=\"b2ZbOEWcnkDOzNDW6AXJNOPv1uO6OZxGijb\" orgId=\"400011\"\nprodType=\"PSO\" ts=\"2022-07-28T21:41:52+05:30\" ver=\"2.0\" />\n    <Txn id=\"JZWRxIizybKtYB3M714bSnsrDtTh9KJhnJE\" note=\"LISTACCPVD\"\nrefId=\"b2ZbOEWcnkDOzNDW6AXJNOPv1uO6OZxGijb\" refUrl=\"http://upi\" ts=\"2022-07- 28T21:41:52+05:30\" type=\"LISTACCPVD\" />\n</ns2:ReqListAccPvd>",
  "time": "12007-12-12 412:38:38"
}
{
  "file": "/Users/avanishranjan/Documents/projects/Controllers/RespListAccPvd.go:34",
  "func": "my-project/Controllers.RespListAccPvdApi",
  "level": "info",
  "msg": "@RespListAccPvdApi Successfully created request.",
  "time": "12007-12-12 412:38:38"
}
[GIN] 2024/04/12 - 12:57:38 | 200 |     809.382µs |             ::1 | POST     "/Req/RespListAccPvd"
{
  "file": "/Users/avanishranjan/Documents/projects/main.go:35",
  "func": "main.init.0",
  "level": "debug",
  "msg": "logFileName: 2024-04-12.log",
  "time": "12007-12-01 41:54:54"
}
[GIN-debug] [WARNING] Creating an Engine instance with the Logger and Recovery middleware already attached.

[GIN-debug] [WARNING] Running in "debug" mode. Switch to "release" mode in production.
 - using env:	export GIN_MODE=release
 - using code:	gin.SetMode(gin.ReleaseMode)

[GIN-debug] POST   /Req/RespDevice           --> my-project/Controllers.ReqCreateDeviceApi (3 handlers)
[GIN-debug] POST   /Req/RespVerifyToken      --> my-project/Controllers.RespVerifyTokenApi (3 handlers)
[GIN-debug] POST   /ListKeys                 --> my-project/Controllers.ListKeysApi (3 handlers)
[GIN-debug] POST   /Req/RespListKeys         --> my-project/Controllers.RespListKeysTknApi (3 handlers)
[GIN-debug] POST   /Req/RespListAccPvd       --> my-project/Controllers.RespListAccPvdApi (3 handlers)
[GIN-debug] [WARNING] You trusted all proxies, this is NOT safe. We recommend you to set a value.
Please check https://pkg.go.dev/github.com/gin-gonic/gin#readme-don-t-trust-all-proxies for details.
[GIN-debug] Listening and serving HTTP on :8080
{
  "file": "/Users/avanishranjan/Documents/projects/Controllers/RespListAccPvd.go:19",
  "func": "my-project/Controllers.RespListAccPvdApi",
  "level": "info",
  "msg": "@RespListAccPvdApi Request body:<ns2:ReqListAccPvd xmlns:ns2=\"http://npci.org/upi/schema/\">\n    <Head msgId=\"b2ZbOEWcnkDOzNDW6AXJNOPv1uO6OZxGijb\" orgId=\"400011\"\nprodType=\"PSO\" ts=\"2022-07-28T21:41:52+05:30\" ver=\"2.0\" />\n    <Txn id=\"JZWRxIizybKtYB3M714bSnsrDtTh9KJhnJE\" note=\"LISTACCPVD\"\nrefId=\"b2ZbOEWcnkDOzNDW6AXJNOPv1uO6OZxGijb\" refUrl=\"http://upi\" ts=\"2022-07- 28T21:41:52+05:30\" type=\"LISTACCPVD\" />\n</ns2:ReqListAccPvd>",
  "time": "12007-12-01 41:56:56"
}
{
  "file": "/Users/avanishranjan/Documents/projects/Controllers/RespListAccPvd.go:34",
  "func": "my-project/Controllers.RespListAccPvdApi",
  "level": "info",
  "msg": "@RespListAccPvdApi Successfully created request.",
  "time": "12007-12-01 41:56:56"
}
[GIN] 2024/04/12 - 13:01:56 | 200 |     617.005µs |             ::1 | POST     "/Req/RespListAccPvd"
{
  "file": "/Users/avanishranjan/Documents/projects/main.go:35",
  "func": "main.init.0",
  "level": "debug",
  "msg": "logFileName: 2024-04-12.log",
  "time": "12007-12-02 42:43:43"
}
[GIN-debug] [WARNING] Creating an Engine instance with the Logger and Recovery middleware already attached.

[GIN-debug] [WARNING] Running in "debug" mode. Switch to "release" mode in production.
 - using env:	export GIN_MODE=release
 - using code:	gin.SetMode(gin.ReleaseMode)

[GIN-debug] POST   /Req/RespDevice           --> my-project/Controllers.ReqCreateDeviceApi (3 handlers)
[GIN-debug] POST   /Req/RespVerifyToken      --> my-project/Controllers.RespVerifyTokenApi (3 handlers)
[GIN-debug] POST   /ListKeys                 --> my-project/Controllers.ListKeysApi (3 handlers)
[GIN-debug] POST   /Req/RespListKeys         --> my-project/Controllers.RespListKeysTknApi (3 handlers)
[GIN-debug] POST   /Req/RespListAccPvd       --> my-project/Controllers.RespListAccPvdApi (3 handlers)
[GIN-debug] POST   /Req/RespListAccount      --> my-project/Controllers.RespListAccFetchApi (3 handlers)
[GIN-debug] [WARNING] You trusted all proxies, this is NOT safe. We recommend you to set a value.
Please check https://pkg.go.dev/github.com/gin-gonic/gin#readme-don-t-trust-all-proxies for details.
[GIN-debug] Listening and serving HTTP on :8080
{
  "file": "/Users/avanishranjan/Documents/projects/Controllers/RespListAccFetch.go:73",
  "func": "my-project/Controllers.RespListAccFetchApi",
  "level": "info",
  "msg": "@RespListAccFetchApi Request body:<token:ReqListAccount xmlns:token=\"http://npci.org/token/schema/\">\n    <Head ver=\"1.0|2.0\" ts=\"\" orgId=\"\" msgId=\"\" prodType=\"PSO\" />\n    <Txn id=\"\" note=\"\" refId=\"\" refUrl=\"\" ts=\"\" type=\"FETCH\" tspId=\"400011\"/>\n    <Link type=\"MOBILE|AADHAAR\" value=\"\" />\n    <Payer addr=\"\" name=\"\" seqNum=\"\" type=\"PERSON|ENTITY\" code=\"\">\n        <Device>\n            <Tag name=\"MOBILE\" value=\"\" />\n            <Tag name=\"GEOCODE\" value=\"\" />\n            <Tag name=\"LOCATION\" value=\"\" />\n            <Tag name=\"IP\" value=\"\" />\n            <Tag name=\"TYPE\" value=\"\" />\n            <Tag name=\"ID\" value=\"\" />\n            <Tag name=\"OS\" value=\"\" />\n            <Tag name=\"APP\" value=\"\" />\n            <Tag name=\"CAPABILITY\" value=\"\" />\n            <Tag name=\"TELECOM\" value=\"\" />\n        </Device>\n        <Ac addrType=\"WALLET\">\n            <Detail name=\"TSPID\" value=\"\" />\n        </Ac>\n    </Payer>\n</token:ReqListAccount>",
  "time": "12007-12-02 42:44:44"
}
{
  "file": "/Users/avanishranjan/Documents/projects/Controllers/RespListAccFetch.go:77",
  "func": "my-project/Controllers.RespListAccFetchApi",
  "level": "error",
  "msg": "@RespListAccFetchApi Error decoding request body:expected element type <token:ReqListAccount> but have <ReqListAccount>",
  "time": "12007-12-02 42:44:44"
}
[GIN] 2024/04/12 - 14:44:44 | 500 |     269.213µs |             ::1 | POST     "/Req/RespListAccount"
{
  "file": "/Users/avanishranjan/Documents/projects/main.go:35",
  "func": "main.init.0",
  "level": "debug",
  "msg": "logFileName: 2024-04-12.log",
  "time": "12007-12-02 42:58:58"
}
[GIN-debug] [WARNING] Creating an Engine instance with the Logger and Recovery middleware already attached.

[GIN-debug] [WARNING] Running in "debug" mode. Switch to "release" mode in production.
 - using env:	export GIN_MODE=release
 - using code:	gin.SetMode(gin.ReleaseMode)

[GIN-debug] POST   /Req/RespDevice           --> my-project/Controllers.ReqCreateDeviceApi (3 handlers)
[GIN-debug] POST   /Req/RespVerifyToken      --> my-project/Controllers.RespVerifyTokenApi (3 handlers)
[GIN-debug] POST   /ListKeys                 --> my-project/Controllers.ListKeysApi (3 handlers)
[GIN-debug] POST   /Req/RespListKeys         --> my-project/Controllers.RespListKeysTknApi (3 handlers)
[GIN-debug] POST   /Req/RespListAccPvd       --> my-project/Controllers.RespListAccPvdApi (3 handlers)
[GIN-debug] POST   /Req/RespListAccount      --> my-project/Controllers.RespListAccFetchApi (3 handlers)
[GIN-debug] [WARNING] You trusted all proxies, this is NOT safe. We recommend you to set a value.
Please check https://pkg.go.dev/github.com/gin-gonic/gin#readme-don-t-trust-all-proxies for details.
[GIN-debug] Listening and serving HTTP on :8080
{
  "file": "/Users/avanishranjan/Documents/projects/Controllers/RespListAccFetch.go:73",
  "func": "my-project/Controllers.RespListAccFetchApi",
  "level": "info",
  "msg": "@RespListAccFetchApi Request body:<token:ReqListAccount xmlns:token=\"http://npci.org/token/schema/\">\n    <Head ver=\"1.0|2.0\" ts=\"\" orgId=\"\" msgId=\"\" prodType=\"PSO\" />\n    <Txn id=\"\" note=\"\" refId=\"\" refUrl=\"\" ts=\"\" type=\"FETCH\" tspId=\"400011\"/>\n    <Link type=\"MOBILE|AADHAAR\" value=\"\" />\n    <Payer addr=\"\" name=\"\" seqNum=\"\" type=\"PERSON|ENTITY\" code=\"\">\n        <Device>\n            <Tag name=\"MOBILE\" value=\"\" />\n            <Tag name=\"GEOCODE\" value=\"\" />\n            <Tag name=\"LOCATION\" value=\"\" />\n            <Tag name=\"IP\" value=\"\" />\n            <Tag name=\"TYPE\" value=\"\" />\n            <Tag name=\"ID\" value=\"\" />\n            <Tag name=\"OS\" value=\"\" />\n            <Tag name=\"APP\" value=\"\" />\n            <Tag name=\"CAPABILITY\" value=\"\" />\n            <Tag name=\"TELECOM\" value=\"\" />\n        </Device>\n        <Ac addrType=\"WALLET\">\n            <Detail name=\"TSPID\" value=\"\" />\n        </Ac>\n    </Payer>\n</token:ReqListAccount>",
  "time": "12007-12-02 42:04:04"
}
{
  "file": "/Users/avanishranjan/Documents/projects/Controllers/RespListAccFetch.go:77",
  "func": "my-project/Controllers.RespListAccFetchApi",
  "level": "error",
  "msg": "@RespListAccFetchApi Error decoding request body:expected element type <xmlns:token=> but have <ReqListAccount>",
  "time": "12007-12-02 42:04:04"
}
[GIN] 2024/04/12 - 14:46:04 | 500 |     360.158µs |             ::1 | POST     "/Req/RespListAccount"
{
  "file": "/Users/avanishranjan/Documents/projects/main.go:35",
  "func": "main.init.0",
  "level": "debug",
  "msg": "logFileName: 2024-04-12.log",
  "time": "12007-12-02 42:27:27"
}
[GIN-debug] [WARNING] Creating an Engine instance with the Logger and Recovery middleware already attached.

[GIN-debug] [WARNING] Running in "debug" mode. Switch to "release" mode in production.
 - using env:	export GIN_MODE=release
 - using code:	gin.SetMode(gin.ReleaseMode)

[GIN-debug] POST   /Req/RespDevice           --> my-project/Controllers.ReqCreateDeviceApi (3 handlers)
[GIN-debug] POST   /Req/RespVerifyToken      --> my-project/Controllers.RespVerifyTokenApi (3 handlers)
[GIN-debug] POST   /ListKeys                 --> my-project/Controllers.ListKeysApi (3 handlers)
[GIN-debug] POST   /Req/RespListKeys         --> my-project/Controllers.RespListKeysTknApi (3 handlers)
[GIN-debug] POST   /Req/RespListAccPvd       --> my-project/Controllers.RespListAccPvdApi (3 handlers)
[GIN-debug] POST   /Req/RespListAccount      --> my-project/Controllers.RespListAccFetchApi (3 handlers)
[GIN-debug] [WARNING] You trusted all proxies, this is NOT safe. We recommend you to set a value.
Please check https://pkg.go.dev/github.com/gin-gonic/gin#readme-don-t-trust-all-proxies for details.
[GIN-debug] Listening and serving HTTP on :8080
{
  "file": "/Users/avanishranjan/Documents/projects/Controllers/RespListAccFetch.go:73",
  "func": "my-project/Controllers.RespListAccFetchApi",
  "level": "info",
  "msg": "@RespListAccFetchApi Request body:<token:ReqListAccount xmlns:token=\"http://npci.org/token/schema/\">\n    <Head ver=\"1.0|2.0\" ts=\"\" orgId=\"\" msgId=\"\" prodType=\"PSO\" />\n    <Txn id=\"\" note=\"\" refId=\"\" refUrl=\"\" ts=\"\" type=\"FETCH\" tspId=\"400011\"/>\n    <Link type=\"MOBILE|AADHAAR\" value=\"\" />\n    <Payer addr=\"\" name=\"\" seqNum=\"\" type=\"PERSON|ENTITY\" code=\"\">\n        <Device>\n            <Tag name=\"MOBILE\" value=\"\" />\n            <Tag name=\"GEOCODE\" value=\"\" />\n            <Tag name=\"LOCATION\" value=\"\" />\n            <Tag name=\"IP\" value=\"\" />\n            <Tag name=\"TYPE\" value=\"\" />\n            <Tag name=\"ID\" value=\"\" />\n            <Tag name=\"OS\" value=\"\" />\n            <Tag name=\"APP\" value=\"\" />\n            <Tag name=\"CAPABILITY\" value=\"\" />\n            <Tag name=\"TELECOM\" value=\"\" />\n        </Device>\n        <Ac addrType=\"WALLET\">\n            <Detail name=\"TSPID\" value=\"\" />\n        </Ac>\n    </Payer>\n</token:ReqListAccount>",
  "time": "12007-12-02 42:28:28"
}
{
  "file": "/Users/avanishranjan/Documents/projects/Controllers/RespListAccFetch.go:77",
  "func": "my-project/Controllers.RespListAccFetchApi",
  "level": "error",
  "msg": "@RespListAccFetchApi Error decoding request body:expected element type <token:xmlns:token=> but have <ReqListAccount>",
  "time": "12007-12-02 42:28:28"
}
[GIN] 2024/04/12 - 14:46:28 | 500 |     329.336µs |             ::1 | POST     "/Req/RespListAccount"
{
  "file": "/Users/avanishranjan/Documents/projects/main.go:35",
  "func": "main.init.0",
  "level": "debug",
  "msg": "logFileName: 2024-04-12.log",
  "time": "12007-12-02 42:55:55"
}
[GIN-debug] [WARNING] Creating an Engine instance with the Logger and Recovery middleware already attached.

[GIN-debug] [WARNING] Running in "debug" mode. Switch to "release" mode in production.
 - using env:	export GIN_MODE=release
 - using code:	gin.SetMode(gin.ReleaseMode)

[GIN-debug] POST   /Req/RespDevice           --> my-project/Controllers.ReqCreateDeviceApi (3 handlers)
[GIN-debug] POST   /Req/RespVerifyToken      --> my-project/Controllers.RespVerifyTokenApi (3 handlers)
[GIN-debug] POST   /ListKeys                 --> my-project/Controllers.ListKeysApi (3 handlers)
[GIN-debug] POST   /Req/RespListKeys         --> my-project/Controllers.RespListKeysTknApi (3 handlers)
[GIN-debug] POST   /Req/RespListAccPvd       --> my-project/Controllers.RespListAccPvdApi (3 handlers)
[GIN-debug] POST   /Req/RespListAccount      --> my-project/Controllers.RespListAccFetchApi (3 handlers)
[GIN-debug] [WARNING] You trusted all proxies, this is NOT safe. We recommend you to set a value.
Please check https://pkg.go.dev/github.com/gin-gonic/gin#readme-don-t-trust-all-proxies for details.
[GIN-debug] Listening and serving HTTP on :8080
{
  "file": "/Users/avanishranjan/Documents/projects/Controllers/RespListAccFetch.go:73",
  "func": "my-project/Controllers.RespListAccFetchApi",
  "level": "info",
  "msg": "@RespListAccFetchApi Request body:<token:ReqListAccount xmlns:token=\"http://npci.org/token/schema/\">\n    <Head ver=\"1.0|2.0\" ts=\"\" orgId=\"\" msgId=\"\" prodType=\"PSO\" />\n    <Txn id=\"\" note=\"\" refId=\"\" refUrl=\"\" ts=\"\" type=\"FETCH\" tspId=\"400011\"/>\n    <Link type=\"MOBILE|AADHAAR\" value=\"\" />\n    <Payer addr=\"\" name=\"\" seqNum=\"\" type=\"PERSON|ENTITY\" code=\"\">\n        <Device>\n            <Tag name=\"MOBILE\" value=\"\" />\n            <Tag name=\"GEOCODE\" value=\"\" />\n            <Tag name=\"LOCATION\" value=\"\" />\n            <Tag name=\"IP\" value=\"\" />\n            <Tag name=\"TYPE\" value=\"\" />\n            <Tag name=\"ID\" value=\"\" />\n            <Tag name=\"OS\" value=\"\" />\n            <Tag name=\"APP\" value=\"\" />\n            <Tag name=\"CAPABILITY\" value=\"\" />\n            <Tag name=\"TELECOM\" value=\"\" />\n        </Device>\n        <Ac addrType=\"WALLET\">\n            <Detail name=\"TSPID\" value=\"\" />\n        </Ac>\n    </Payer>\n</token:ReqListAccount>",
  "time": "12007-12-02 42:57:57"
}
{
  "file": "/Users/avanishranjan/Documents/projects/Controllers/RespListAccFetch.go:88",
  "func": "my-project/Controllers.RespListAccFetchApi",
  "level": "info",
  "msg": "@RespListAccFetchApi Successfully created request.",
  "time": "12007-12-02 42:57:57"
}
[GIN] 2024/04/12 - 14:46:57 | 200 |     540.131µs |             ::1 | POST     "/Req/RespListAccount"
{
  "file": "/Users/avanishranjan/Documents/projects/main.go:35",
  "func": "main.init.0",
  "level": "debug",
  "msg": "logFileName: 2024-04-12.log",
  "time": "12007-12-02 42:07:07"
}
[GIN-debug] [WARNING] Creating an Engine instance with the Logger and Recovery middleware already attached.

[GIN-debug] [WARNING] Running in "debug" mode. Switch to "release" mode in production.
 - using env:	export GIN_MODE=release
 - using code:	gin.SetMode(gin.ReleaseMode)

[GIN-debug] POST   /Req/RespDevice           --> my-project/Controllers.ReqCreateDeviceApi (3 handlers)
[GIN-debug] POST   /Req/RespVerifyToken      --> my-project/Controllers.RespVerifyTokenApi (3 handlers)
[GIN-debug] POST   /ListKeys                 --> my-project/Controllers.ListKeysApi (3 handlers)
[GIN-debug] POST   /Req/RespListKeys         --> my-project/Controllers.RespListKeysTknApi (3 handlers)
[GIN-debug] POST   /Req/RespListAccPvd       --> my-project/Controllers.RespListAccPvdApi (3 handlers)
[GIN-debug] POST   /Req/RespListAccount      --> my-project/Controllers.RespListAccFetchApi (3 handlers)
[GIN-debug] [WARNING] You trusted all proxies, this is NOT safe. We recommend you to set a value.
Please check https://pkg.go.dev/github.com/gin-gonic/gin#readme-don-t-trust-all-proxies for details.
[GIN-debug] Listening and serving HTTP on :8080
{
  "file": "/Users/avanishranjan/Documents/projects/Controllers/RespListAccFetch.go:75",
  "func": "my-project/Controllers.RespListAccFetchApi",
  "level": "info",
  "msg": "@RespListAccFetchApi Request body:<token:ReqListAccount xmlns:token=\"http://npci.org/token/schema/\">\n    <Head ver=\"1.0|2.0\" ts=\"\" orgId=\"\" msgId=\"\" prodType=\"PSO\" />\n    <Txn id=\"\" note=\"\" refId=\"\" refUrl=\"\" ts=\"\" type=\"FETCH\" tspId=\"400011\"/>\n    <Link type=\"MOBILE|AADHAAR\" value=\"\" />\n    <Payer addr=\"\" name=\"\" seqNum=\"\" type=\"PERSON|ENTITY\" code=\"\">\n        <Device>\n            <Tag name=\"MOBILE\" value=\"\" />\n            <Tag name=\"GEOCODE\" value=\"\" />\n            <Tag name=\"LOCATION\" value=\"\" />\n            <Tag name=\"IP\" value=\"\" />\n            <Tag name=\"TYPE\" value=\"\" />\n            <Tag name=\"ID\" value=\"\" />\n            <Tag name=\"OS\" value=\"\" />\n            <Tag name=\"APP\" value=\"\" />\n            <Tag name=\"CAPABILITY\" value=\"\" />\n            <Tag name=\"TELECOM\" value=\"\" />\n        </Device>\n        <Ac addrType=\"WALLET\">\n            <Detail name=\"TSPID\" value=\"\" />\n        </Ac>\n    </Payer>\n</token:ReqListAccount>",
  "time": "12007-12-02 42:10:10"
}
{
  "file": "/Users/avanishranjan/Documents/projects/Controllers/RespListAccFetch.go:283",
  "func": "my-project/Controllers.RespListAccFetchFunc",
  "level": "error",
  "msg": "Failed to generate XML response500",
  "time": "12007-12-02 42:10:10"
}
{
  "file": "/Users/avanishranjan/Documents/projects/Controllers/RespListAccFetch.go:85",
  "func": "my-project/Controllers.RespListAccFetchApi",
  "level": "error",
  "msg": "@RespListAccFetchApi Error: <nil>",
  "time": "12007-12-02 42:10:10"
}
[GIN] 2024/04/12 - 14:57:10 | 500 |     597.511µs |             ::1 | POST     "/Req/RespListAccount"
{
  "file": "/Users/avanishranjan/Documents/projects/main.go:35",
  "func": "main.init.0",
  "level": "debug",
  "msg": "logFileName: 2024-04-12.log",
  "time": "12007-12-03 43:58:58"
}
[GIN-debug] [WARNING] Creating an Engine instance with the Logger and Recovery middleware already attached.

[GIN-debug] [WARNING] Running in "debug" mode. Switch to "release" mode in production.
 - using env:	export GIN_MODE=release
 - using code:	gin.SetMode(gin.ReleaseMode)

[GIN-debug] POST   /Req/RespDevice           --> my-project/Controllers.ReqCreateDeviceApi (3 handlers)
[GIN-debug] POST   /Req/RespVerifyToken      --> my-project/Controllers.RespVerifyTokenApi (3 handlers)
[GIN-debug] POST   /ListKeys                 --> my-project/Controllers.ListKeysApi (3 handlers)
[GIN-debug] POST   /Req/RespListKeys         --> my-project/Controllers.RespListKeysTknApi (3 handlers)
[GIN-debug] POST   /Req/RespListAccPvd       --> my-project/Controllers.RespListAccPvdApi (3 handlers)
[GIN-debug] POST   /Req/RespListAccount      --> my-project/Controllers.RespListAccFetchApi (3 handlers)
[GIN-debug] [WARNING] You trusted all proxies, this is NOT safe. We recommend you to set a value.
Please check https://pkg.go.dev/github.com/gin-gonic/gin#readme-don-t-trust-all-proxies for details.
[GIN-debug] Listening and serving HTTP on :8080
{
  "file": "/Users/avanishranjan/Documents/projects/Controllers/RespListAccFetch.go:75",
  "func": "my-project/Controllers.RespListAccFetchApi",
  "level": "info",
  "msg": "@RespListAccFetchApi Request body:<token:ReqListAccount xmlns:token=\"http://npci.org/token/schema/\">\n    <Head ver=\"1.0|2.0\" ts=\"\" orgId=\"\" msgId=\"\" prodType=\"PSO\" />\n    <Txn id=\"\" note=\"\" refId=\"\" refUrl=\"\" ts=\"\" type=\"FETCH\" tspId=\"400011\"/>\n    <Link type=\"MOBILE|AADHAAR\" value=\"\" />\n    <Payer addr=\"\" name=\"\" seqNum=\"\" type=\"PERSON|ENTITY\" code=\"\">\n        <Device>\n            <Tag name=\"MOBILE\" value=\"\" />\n            <Tag name=\"GEOCODE\" value=\"\" />\n            <Tag name=\"LOCATION\" value=\"\" />\n            <Tag name=\"IP\" value=\"\" />\n            <Tag name=\"TYPE\" value=\"\" />\n            <Tag name=\"ID\" value=\"\" />\n            <Tag name=\"OS\" value=\"\" />\n            <Tag name=\"APP\" value=\"\" />\n            <Tag name=\"CAPABILITY\" value=\"\" />\n            <Tag name=\"TELECOM\" value=\"\" />\n        </Device>\n        <Ac addrType=\"WALLET\">\n            <Detail name=\"TSPID\" value=\"\" />\n        </Ac>\n    </Payer>\n</token:ReqListAccount>",
  "time": "12007-12-03 43:02:02"
}
{
  "file": "/Users/avanishranjan/Documents/projects/Controllers/RespListAccFetch.go:90",
  "func": "my-project/Controllers.RespListAccFetchApi",
  "level": "info",
  "msg": "@RespListAccFetchApi Successfully created request.",
  "time": "12007-12-03 43:02:02"
}
[GIN] 2024/04/12 - 15:04:02 | 200 |     806.908µs |             ::1 | POST     "/Req/RespListAccount"
{
  "file": "/Users/avanishranjan/Documents/projects/main.go:35",
  "func": "main.init.0",
  "level": "debug",
  "msg": "logFileName: 2024-04-12.log",
  "time": "12007-12-03 43:51:51"
}
[GIN-debug] [WARNING] Creating an Engine instance with the Logger and Recovery middleware already attached.

[GIN-debug] [WARNING] Running in "debug" mode. Switch to "release" mode in production.
 - using env:	export GIN_MODE=release
 - using code:	gin.SetMode(gin.ReleaseMode)

[GIN-debug] POST   /Req/RespDevice           --> my-project/Controllers.ReqCreateDeviceApi (3 handlers)
[GIN-debug] POST   /Req/RespVerifyToken      --> my-project/Controllers.RespVerifyTokenApi (3 handlers)
[GIN-debug] POST   /ListKeys                 --> my-project/Controllers.ListKeysApi (3 handlers)
[GIN-debug] POST   /Req/RespListKeys         --> my-project/Controllers.RespListKeysTknApi (3 handlers)
[GIN-debug] POST   /Req/RespListAccPvd       --> my-project/Controllers.RespListAccPvdApi (3 handlers)
[GIN-debug] POST   /Req/RespListAccount      --> my-project/Controllers.RespListAccFetchApi (3 handlers)
[GIN-debug] [WARNING] You trusted all proxies, this is NOT safe. We recommend you to set a value.
Please check https://pkg.go.dev/github.com/gin-gonic/gin#readme-don-t-trust-all-proxies for details.
[GIN-debug] Listening and serving HTTP on :8080
{
  "file": "/Users/avanishranjan/Documents/projects/Controllers/RespListAccFetch.go:75",
  "func": "my-project/Controllers.RespListAccFetchApi",
  "level": "info",
  "msg": "@RespListAccFetchApi Request body:<token:ReqListAccount xmlns:token=\"http://npci.org/token/schema/\">\n    <Head ver=\"1.0|2.0\" ts=\"\" orgId=\"\" msgId=\"\" prodType=\"PSO\" />\n    <Txn id=\"\" note=\"\" refId=\"\" refUrl=\"\" ts=\"\" type=\"FETCH\" tspId=\"400011\"/>\n    <Link type=\"MOBILE|AADHAAR\" value=\"\" />\n    <Payer addr=\"\" name=\"\" seqNum=\"\" type=\"PERSON|ENTITY\" code=\"\">\n        <Device>\n            <Tag name=\"MOBILE\" value=\"\" />\n            <Tag name=\"GEOCODE\" value=\"\" />\n            <Tag name=\"LOCATION\" value=\"\" />\n            <Tag name=\"IP\" value=\"\" />\n            <Tag name=\"TYPE\" value=\"\" />\n            <Tag name=\"ID\" value=\"\" />\n            <Tag name=\"OS\" value=\"\" />\n            <Tag name=\"APP\" value=\"\" />\n            <Tag name=\"CAPABILITY\" value=\"\" />\n            <Tag name=\"TELECOM\" value=\"\" />\n        </Device>\n        <Ac addrType=\"WALLET\">\n            <Detail name=\"TSPID\" value=\"\" />\n        </Ac>\n    </Payer>\n</token:ReqListAccount>",
  "time": "12007-12-03 43:54:54"
}
{
  "file": "/Users/avanishranjan/Documents/projects/Controllers/RespListAccFetch.go:90",
  "func": "my-project/Controllers.RespListAccFetchApi",
  "level": "info",
  "msg": "@RespListAccFetchApi Successfully created request.",
  "time": "12007-12-03 43:54:54"
}
[GIN] 2024/04/12 - 15:08:54 | 200 |    1.099911ms |             ::1 | POST     "/Req/RespListAccount"
{
  "file": "/Users/avanishranjan/Documents/projects/main.go:35",
  "func": "main.init.0",
  "level": "debug",
  "msg": "logFileName: 2024-04-12.log",
  "time": "12007-12-03 43:41:41"
}
[GIN-debug] [WARNING] Creating an Engine instance with the Logger and Recovery middleware already attached.

[GIN-debug] [WARNING] Running in "debug" mode. Switch to "release" mode in production.
 - using env:	export GIN_MODE=release
 - using code:	gin.SetMode(gin.ReleaseMode)

[GIN-debug] POST   /Req/RespDevice           --> my-project/Controllers.ReqCreateDeviceApi (3 handlers)
[GIN-debug] POST   /Req/RespVerifyToken      --> my-project/Controllers.RespVerifyTokenApi (3 handlers)
[GIN-debug] POST   /ListKeys                 --> my-project/Controllers.ListKeysApi (3 handlers)
[GIN-debug] POST   /Req/RespListKeys         --> my-project/Controllers.RespListKeysTknApi (3 handlers)
[GIN-debug] POST   /Req/RespListAccPvd       --> my-project/Controllers.RespListAccPvdApi (3 handlers)
[GIN-debug] POST   /Req/RespListAccount      --> my-project/Controllers.RespListAccFetchApi (3 handlers)
[GIN-debug] [WARNING] You trusted all proxies, this is NOT safe. We recommend you to set a value.
Please check https://pkg.go.dev/github.com/gin-gonic/gin#readme-don-t-trust-all-proxies for details.
[GIN-debug] Listening and serving HTTP on :8080
{
  "file": "/Users/avanishranjan/Documents/projects/Controllers/RespListAccFetch.go:75",
  "func": "my-project/Controllers.RespListAccFetchApi",
  "level": "info",
  "msg": "@RespListAccFetchApi Request body:<token:ReqListAccount xmlns:token=\"http://npci.org/token/schema/\">\n    <Head ver=\"1.0|2.0\" ts=\"\" orgId=\"\" msgId=\"\" prodType=\"PSO\" />\n    <Txn id=\"\" note=\"\" refId=\"\" refUrl=\"\" ts=\"\" type=\"FETCH\" tspId=\"400011\"/>\n    <Link type=\"MOBILE|AADHAAR\" value=\"\" />\n    <Payer addr=\"\" name=\"\" seqNum=\"\" type=\"PERSON|ENTITY\" code=\"\">\n        <Device>\n            <Tag name=\"MOBILE\" value=\"\" />\n            <Tag name=\"GEOCODE\" value=\"\" />\n            <Tag name=\"LOCATION\" value=\"\" />\n            <Tag name=\"IP\" value=\"\" />\n            <Tag name=\"TYPE\" value=\"\" />\n            <Tag name=\"ID\" value=\"\" />\n            <Tag name=\"OS\" value=\"\" />\n            <Tag name=\"APP\" value=\"\" />\n            <Tag name=\"CAPABILITY\" value=\"\" />\n            <Tag name=\"TELECOM\" value=\"\" />\n        </Device>\n        <Ac addrType=\"WALLET\">\n            <Detail name=\"TSPID\" value=\"\" />\n        </Ac>\n    </Payer>\n</token:ReqListAccount>",
  "time": "12007-12-03 43:48:48"
}
{
  "file": "/Users/avanishranjan/Documents/projects/Controllers/RespListAccFetch.go:90",
  "func": "my-project/Controllers.RespListAccFetchApi",
  "level": "info",
  "msg": "@RespListAccFetchApi Successfully created request.",
  "time": "12007-12-03 43:48:48"
}
[GIN] 2024/04/12 - 15:13:48 | 200 |     814.503µs |             ::1 | POST     "/Req/RespListAccount"
{
  "file": "/Users/avanishranjan/Documents/projects/main.go:35",
  "func": "main.init.0",
  "level": "debug",
  "msg": "logFileName: 2024-04-12.log",
  "time": "12007-12-03 43:30:30"
}
[GIN-debug] [WARNING] Creating an Engine instance with the Logger and Recovery middleware already attached.

[GIN-debug] [WARNING] Running in "debug" mode. Switch to "release" mode in production.
 - using env:	export GIN_MODE=release
 - using code:	gin.SetMode(gin.ReleaseMode)

[GIN-debug] POST   /Req/RespDevice           --> my-project/Controllers.ReqCreateDeviceApi (3 handlers)
[GIN-debug] POST   /Req/RespVerifyToken      --> my-project/Controllers.RespVerifyTokenApi (3 handlers)
[GIN-debug] POST   /ListKeys                 --> my-project/Controllers.ListKeysApi (3 handlers)
[GIN-debug] POST   /Req/RespListKeys         --> my-project/Controllers.RespListKeysTknApi (3 handlers)
[GIN-debug] POST   /Req/RespListAccPvd       --> my-project/Controllers.RespListAccPvdApi (3 handlers)
[GIN-debug] POST   /Req/RespListAccount      --> my-project/Controllers.RespListAccFetchApi (3 handlers)
[GIN-debug] [WARNING] You trusted all proxies, this is NOT safe. We recommend you to set a value.
Please check https://pkg.go.dev/github.com/gin-gonic/gin#readme-don-t-trust-all-proxies for details.
[GIN-debug] Listening and serving HTTP on :8080
{
  "file": "/Users/avanishranjan/Documents/projects/Controllers/RespListAccFetch.go:75",
  "func": "my-project/Controllers.RespListAccFetchApi",
  "level": "info",
  "msg": "@RespListAccFetchApi Request body:<token:ReqListAccount xmlns:token=\"http://npci.org/token/schema/\">\n    <Head ver=\"1.0|2.0\" ts=\"\" orgId=\"\" msgId=\"\" prodType=\"PSO\" />\n    <Txn id=\"\" note=\"\" refId=\"\" refUrl=\"\" ts=\"\" type=\"FETCH\" tspId=\"400011\"/>\n    <Link type=\"MOBILE|AADHAAR\" value=\"\" />\n    <Payer addr=\"\" name=\"\" seqNum=\"\" type=\"PERSON|ENTITY\" code=\"\">\n        <Device>\n            <Tag name=\"MOBILE\" value=\"\" />\n            <Tag name=\"GEOCODE\" value=\"\" />\n            <Tag name=\"LOCATION\" value=\"\" />\n            <Tag name=\"IP\" value=\"\" />\n            <Tag name=\"TYPE\" value=\"\" />\n            <Tag name=\"ID\" value=\"\" />\n            <Tag name=\"OS\" value=\"\" />\n            <Tag name=\"APP\" value=\"\" />\n            <Tag name=\"CAPABILITY\" value=\"\" />\n            <Tag name=\"TELECOM\" value=\"\" />\n        </Device>\n        <Ac addrType=\"WALLET\">\n            <Detail name=\"TSPID\" value=\"\" />\n        </Ac>\n    </Payer>\n</token:ReqListAccount>",
  "time": "12007-12-03 43:32:32"
}
{
  "file": "/Users/avanishranjan/Documents/projects/Controllers/RespListAccFetch.go:90",
  "func": "my-project/Controllers.RespListAccFetchApi",
  "level": "info",
  "msg": "@RespListAccFetchApi Successfully created request.",
  "time": "12007-12-03 43:32:32"
}
[GIN] 2024/04/12 - 15:15:32 | 200 |     798.471µs |             ::1 | POST     "/Req/RespListAccount"
{
  "file": "/Users/avanishranjan/Documents/projects/main.go:35",
  "func": "main.init.0",
  "level": "debug",
  "msg": "logFileName: 2024-04-12.log",
  "time": "12007-12-04 44:31:31"
}
[GIN-debug] [WARNING] Creating an Engine instance with the Logger and Recovery middleware already attached.

[GIN-debug] [WARNING] Running in "debug" mode. Switch to "release" mode in production.
 - using env:	export GIN_MODE=release
 - using code:	gin.SetMode(gin.ReleaseMode)

[GIN-debug] POST   /Req/RespDevice           --> my-project/Controllers.ReqCreateDeviceApi (3 handlers)
[GIN-debug] POST   /Req/RespVerifyToken      --> my-project/Controllers.RespVerifyTokenApi (3 handlers)
[GIN-debug] POST   /ListKeys                 --> my-project/Controllers.ListKeysApi (3 handlers)
[GIN-debug] POST   /Req/RespListKeys         --> my-project/Controllers.RespListKeysTknApi (3 handlers)
[GIN-debug] POST   /Req/RespListAccPvd       --> my-project/Controllers.RespListAccPvdApi (3 handlers)
[GIN-debug] POST   /Req/RespListAccount      --> my-project/Controllers.RespListAccFetchApi (3 handlers)
[GIN-debug] [WARNING] You trusted all proxies, this is NOT safe. We recommend you to set a value.
Please check https://pkg.go.dev/github.com/gin-gonic/gin#readme-don-t-trust-all-proxies for details.
[GIN-debug] Listening and serving HTTP on :8080
{
  "file": "/Users/avanishranjan/Documents/projects/Controllers/RespListAccFetch.go:46",
  "func": "my-project/Controllers.RespListAccFetchApi",
  "level": "info",
  "msg": "@RespListAccFetchApi Request body:<token:ReqListAccount xmlns:token=\"http://npci.org/token/schema/\">\n    <Head ver=\"1.0|2.0\" ts=\"\" orgId=\"\" msgId=\"\" prodType=\"PSO\" />\n    <Txn id=\"\" note=\"\" refId=\"\" refUrl=\"\" ts=\"\" type=\"CREATE\" tspId=\"400011\"/>\n    <Link type=\"MOBILE|AADHAAR\" value=\"\" />\n    <Payer addr=\"\" name=\"\" seqNum=\"\" type=\"PERSON|ENTITY\" code=\"\">\n        <Device>\n            <Tag name=\"MOBILE\" value=\"\" />\n            <Tag name=\"GEOCODE\" value=\"\" />\n            <Tag name=\"LOCATION\" value=\"\" />\n            <Tag name=\"IP\" value=\"\" />\n            <Tag name=\"TYPE\" value=\"\" />\n            <Tag name=\"ID\" value=\"\" />\n            <Tag name=\"OS\" value=\"\" />\n            <Tag name=\"APP\" value=\"\" />\n            <Tag name=\"CAPABILITY\" value=\"\" />\n            <Tag name=\"TELECOM\" value=\"\" />\n        </Device>\n        <Ac addrType=\"WALLET\">\n            <Detail name=\"TSPID\" value=\"\" />\n        </Ac>\n    </Payer>\n</token:ReqListAccount>",
  "time": "12007-12-04 44:36:36"
}
{
  "file": "/Users/avanishranjan/Documents/projects/Controllers/RespListAccFetch.go:60",
  "func": "my-project/Controllers.RespListAccFetchApi",
  "level": "info",
  "msg": "@RespListAccFetchApi Successfully created request.",
  "time": "12007-12-04 44:36:36"
}
[GIN] 2024/04/12 - 16:21:36 | 200 |     718.211µs |             ::1 | POST     "/Req/RespListAccount"
{
  "file": "/Users/avanishranjan/Documents/projects/main.go:35",
  "func": "main.init.0",
  "level": "debug",
  "msg": "logFileName: 2024-04-12.log",
  "time": "12007-12-04 44:19:19"
}
[GIN-debug] [WARNING] Creating an Engine instance with the Logger and Recovery middleware already attached.

[GIN-debug] [WARNING] Running in "debug" mode. Switch to "release" mode in production.
 - using env:	export GIN_MODE=release
 - using code:	gin.SetMode(gin.ReleaseMode)

[GIN-debug] POST   /Req/RespDevice           --> my-project/Controllers.ReqCreateDeviceApi (3 handlers)
[GIN-debug] POST   /Req/RespVerifyToken      --> my-project/Controllers.RespVerifyTokenApi (3 handlers)
[GIN-debug] POST   /ListKeys                 --> my-project/Controllers.ListKeysApi (3 handlers)
[GIN-debug] POST   /Req/RespListKeys         --> my-project/Controllers.RespListKeysTknApi (3 handlers)
[GIN-debug] POST   /Req/RespListAccPvd       --> my-project/Controllers.RespListAccPvdApi (3 handlers)
[GIN-debug] POST   /Req/RespListAccount      --> my-project/Controllers.RespListAccFetchApi (3 handlers)
[GIN-debug] POST   /Req/RespListAccount      --> my-project/Controllers.ReqListAccountCreateApi (3 handlers)
{
  "file": "/Users/avanishranjan/Documents/projects/main.go:35",
  "func": "main.init.0",
  "level": "debug",
  "msg": "logFileName: 2024-04-12.log",
  "time": "12007-12-04 44:08:08"
}
[GIN-debug] [WARNING] Creating an Engine instance with the Logger and Recovery middleware already attached.

[GIN-debug] [WARNING] Running in "debug" mode. Switch to "release" mode in production.
 - using env:	export GIN_MODE=release
 - using code:	gin.SetMode(gin.ReleaseMode)

[GIN-debug] POST   /Req/RespDevice           --> my-project/Controllers.ReqCreateDeviceApi (3 handlers)
[GIN-debug] POST   /Req/RespVerifyToken      --> my-project/Controllers.RespVerifyTokenApi (3 handlers)
[GIN-debug] POST   /ListKeys                 --> my-project/Controllers.ListKeysApi (3 handlers)
[GIN-debug] POST   /Req/RespListKeys         --> my-project/Controllers.RespListKeysTknApi (3 handlers)
[GIN-debug] POST   /Req/RespListAccPvd       --> my-project/Controllers.RespListAccPvdApi (3 handlers)
[GIN-debug] POST   /Req/RespListAccount      --> my-project/Controllers.RespListAccFetchApi (3 handlers)
[GIN-debug] POST   /Req/RespListAccount/create --> my-project/Controllers.ReqListAccountCreateApi (3 handlers)
[GIN-debug] [WARNING] You trusted all proxies, this is NOT safe. We recommend you to set a value.
Please check https://pkg.go.dev/github.com/gin-gonic/gin#readme-don-t-trust-all-proxies for details.
[GIN-debug] Listening and serving HTTP on :8080
{
  "file": "/Users/avanishranjan/Documents/projects/Controllers/ReqListAccountCreate.go:72",
  "func": "my-project/Controllers.ReqListAccountCreateApi",
  "level": "info",
  "msg": "@RespVerifyTokenApi Request body:<token:ReqListAccount xmlns:token=\"http://npci.org/token/schema/\">\n    <Head ver=\"1.0|2.0\" ts=\"\" orgId=\"\" msgId=\"\" prodType=\"PSO\" />\n    <Txn id=\"\" note=\"\" refId=\"\" refUrl=\"\" ts=\"\" type=\"CREATE\" tspId=\"400011\"/>\n    <Link type=\"MOBILE|AADHAAR\" value=\"\" />\n    <Payer addr=\"\" name=\"\" seqNum=\"\" type=\"PERSON|ENTITY\" code=\"\">\n        <Device>\n            <Tag name=\"MOBILE\" value=\"\" />\n            <Tag name=\"GEOCODE\" value=\"\" />\n            <Tag name=\"LOCATION\" value=\"\" />\n            <Tag name=\"IP\" value=\"\" />\n            <Tag name=\"TYPE\" value=\"\" />\n            <Tag name=\"ID\" value=\"\" />\n            <Tag name=\"OS\" value=\"\" />\n            <Tag name=\"APP\" value=\"\" />\n            <Tag name=\"CAPABILITY\" value=\"\" />\n            <Tag name=\"TELECOM\" value=\"\" />\n        </Device>\n        <Ac addrType=\"WALLET\">\n            <Detail name=\"TSPID\" value=\"\" />\n        </Ac>\n    </Payer>\n</token:ReqListAccount>",
  "time": "12007-12-04 44:09:09"
}
{
  "file": "/Users/avanishranjan/Documents/projects/Controllers/ReqListAccountCreate.go:76",
  "func": "my-project/Controllers.ReqListAccountCreateApi",
  "level": "error",
  "msg": "@RespVerifyTokenApi Error decoding request body:expected element type <ReqVerifyToken> but have <ReqListAccount>",
  "time": "12007-12-04 44:09:09"
}
[GIN] 2024/04/12 - 16:24:09 | 500 |      268.75µs |             ::1 | POST     "/Req/RespListAccount/create"
{
  "file": "/Users/avanishranjan/Documents/projects/main.go:35",
  "func": "main.init.0",
  "level": "debug",
  "msg": "logFileName: 2024-04-12.log",
  "time": "12007-12-04 44:37:37"
}
[GIN-debug] [WARNING] Creating an Engine instance with the Logger and Recovery middleware already attached.

[GIN-debug] [WARNING] Running in "debug" mode. Switch to "release" mode in production.
 - using env:	export GIN_MODE=release
 - using code:	gin.SetMode(gin.ReleaseMode)

[GIN-debug] POST   /Req/RespDevice           --> my-project/Controllers.ReqCreateDeviceApi (3 handlers)
[GIN-debug] POST   /Req/RespVerifyToken      --> my-project/Controllers.RespVerifyTokenApi (3 handlers)
[GIN-debug] POST   /ListKeys                 --> my-project/Controllers.ListKeysApi (3 handlers)
[GIN-debug] POST   /Req/RespListKeys         --> my-project/Controllers.RespListKeysTknApi (3 handlers)
[GIN-debug] POST   /Req/RespListAccPvd       --> my-project/Controllers.RespListAccPvdApi (3 handlers)
[GIN-debug] POST   /Req/RespListAccount      --> my-project/Controllers.RespListAccFetchApi (3 handlers)
[GIN-debug] POST   /Req/RespListAccount/create --> my-project/Controllers.ReqListAccountCreateApi (3 handlers)
[GIN-debug] [WARNING] You trusted all proxies, this is NOT safe. We recommend you to set a value.
Please check https://pkg.go.dev/github.com/gin-gonic/gin#readme-don-t-trust-all-proxies for details.
[GIN-debug] Listening and serving HTTP on :8080
{
  "file": "/Users/avanishranjan/Documents/projects/Controllers/ReqListAccountCreate.go:72",
  "func": "my-project/Controllers.ReqListAccountCreateApi",
  "level": "info",
  "msg": "@RespVerifyTokenApi Request body:<token:ReqListAccount xmlns:token=\"http://npci.org/token/schema/\">\n    <Head ver=\"1.0|2.0\" ts=\"\" orgId=\"\" msgId=\"\" prodType=\"PSO\" />\n    <Txn id=\"\" note=\"\" refId=\"\" refUrl=\"\" ts=\"\" type=\"CREATE\" tspId=\"400011\"/>\n    <Link type=\"MOBILE|AADHAAR\" value=\"\" />\n    <Payer addr=\"\" name=\"\" seqNum=\"\" type=\"PERSON|ENTITY\" code=\"\">\n        <Device>\n            <Tag name=\"MOBILE\" value=\"\" />\n            <Tag name=\"GEOCODE\" value=\"\" />\n            <Tag name=\"LOCATION\" value=\"\" />\n            <Tag name=\"IP\" value=\"\" />\n            <Tag name=\"TYPE\" value=\"\" />\n            <Tag name=\"ID\" value=\"\" />\n            <Tag name=\"OS\" value=\"\" />\n            <Tag name=\"APP\" value=\"\" />\n            <Tag name=\"CAPABILITY\" value=\"\" />\n            <Tag name=\"TELECOM\" value=\"\" />\n        </Device>\n        <Ac addrType=\"WALLET\">\n            <Detail name=\"TSPID\" value=\"\" />\n        </Ac>\n    </Payer>\n</token:ReqListAccount>",
  "time": "12007-12-04 44:38:38"
}
{
  "file": "/Users/avanishranjan/Documents/projects/Controllers/ReqListAccountCreate.go:81",
  "func": "my-project/Controllers.ReqListAccountCreateApi",
  "level": "info",
  "msg": "@RespVerifyTokenApi Successfully created request.",
  "time": "12007-12-04 44:38:38"
}
[GIN] 2024/04/12 - 16:24:38 | 200 |     649.527µs |             ::1 | POST     "/Req/RespListAccount/create"
{
  "file": "/Users/avanishranjan/Documents/projects/main.go:35",
  "func": "main.init.0",
  "level": "debug",
  "msg": "logFileName: 2024-04-12.log",
  "time": "12007-12-04 44:43:43"
}
[GIN-debug] [WARNING] Creating an Engine instance with the Logger and Recovery middleware already attached.

[GIN-debug] [WARNING] Running in "debug" mode. Switch to "release" mode in production.
 - using env:	export GIN_MODE=release
 - using code:	gin.SetMode(gin.ReleaseMode)

[GIN-debug] POST   /Req/RespDevice           --> my-project/Controllers.ReqCreateDeviceApi (3 handlers)
[GIN-debug] POST   /Req/RespVerifyToken      --> my-project/Controllers.RespVerifyTokenApi (3 handlers)
[GIN-debug] POST   /ListKeys                 --> my-project/Controllers.ListKeysApi (3 handlers)
[GIN-debug] POST   /Req/RespListKeys         --> my-project/Controllers.RespListKeysTknApi (3 handlers)
[GIN-debug] POST   /Req/RespListAccPvd       --> my-project/Controllers.RespListAccPvdApi (3 handlers)
[GIN-debug] POST   /Req/RespListAccount      --> my-project/Controllers.RespListAccFetchApi (3 handlers)
[GIN-debug] POST   /Req/RespListAccount/create --> my-project/Controllers.ReqListAccountCreateApi (3 handlers)
[GIN-debug] [WARNING] You trusted all proxies, this is NOT safe. We recommend you to set a value.
Please check https://pkg.go.dev/github.com/gin-gonic/gin#readme-don-t-trust-all-proxies for details.
[GIN-debug] Listening and serving HTTP on :8080
{
  "file": "/Users/avanishranjan/Documents/projects/Controllers/ReqListAccountCreate.go:72",
  "func": "my-project/Controllers.ReqListAccountCreateApi",
  "level": "info",
  "msg": "@RespVerifyTokenApi Request body:<token:ReqListAccount xmlns:token=\"http://npci.org/token/schema/\">\n    <Head ver=\"1.0|2.0\" ts=\"\" orgId=\"\" msgId=\"\" prodType=\"PSO\" />\n    <Txn id=\"\" note=\"\" refId=\"\" refUrl=\"\" ts=\"\" type=\"CREATE\" tspId=\"400011\"/>\n    <Link type=\"MOBILE|AADHAAR\" value=\"\" />\n    <Payer addr=\"\" name=\"\" seqNum=\"\" type=\"PERSON|ENTITY\" code=\"\">\n        <Device>\n            <Tag name=\"MOBILE\" value=\"\" />\n            <Tag name=\"GEOCODE\" value=\"\" />\n            <Tag name=\"LOCATION\" value=\"\" />\n            <Tag name=\"IP\" value=\"\" />\n            <Tag name=\"TYPE\" value=\"\" />\n            <Tag name=\"ID\" value=\"\" />\n            <Tag name=\"OS\" value=\"\" />\n            <Tag name=\"APP\" value=\"\" />\n            <Tag name=\"CAPABILITY\" value=\"\" />\n            <Tag name=\"TELECOM\" value=\"\" />\n        </Device>\n        <Ac addrType=\"WALLET\">\n            <Detail name=\"TSPID\" value=\"\" />\n        </Ac>\n    </Payer>\n</token:ReqListAccount>",
  "time": "12007-12-04 44:48:48"
}
{
  "file": "/Users/avanishranjan/Documents/projects/Controllers/ReqListAccountCreate.go:81",
  "func": "my-project/Controllers.ReqListAccountCreateApi",
  "level": "info",
  "msg": "@RespVerifyTokenApi Successfully created request.",
  "time": "12007-12-04 44:48:48"
}
[GIN] 2024/04/12 - 16:25:48 | 200 |     412.833µs |             ::1 | POST     "/Req/RespListAccount/create"
{
  "file": "/Users/avanishranjan/Documents/projects/main.go:35",
  "func": "main.init.0",
  "level": "debug",
  "msg": "logFileName: 2024-04-12.log",
  "time": "12007-12-04 44:00:00"
}
[GIN-debug] [WARNING] Creating an Engine instance with the Logger and Recovery middleware already attached.

[GIN-debug] [WARNING] Running in "debug" mode. Switch to "release" mode in production.
 - using env:	export GIN_MODE=release
 - using code:	gin.SetMode(gin.ReleaseMode)

[GIN-debug] POST   /Req/RespDevice           --> my-project/Controllers.ReqCreateDeviceApi (3 handlers)
[GIN-debug] POST   /Req/RespVerifyToken      --> my-project/Controllers.RespVerifyTokenApi (3 handlers)
[GIN-debug] POST   /ListKeys                 --> my-project/Controllers.ListKeysApi (3 handlers)
[GIN-debug] POST   /Req/RespListKeys         --> my-project/Controllers.RespListKeysTknApi (3 handlers)
[GIN-debug] POST   /Req/RespListAccPvd       --> my-project/Controllers.RespListAccPvdApi (3 handlers)
[GIN-debug] POST   /Req/RespListAccount      --> my-project/Controllers.RespListAccFetchApi (3 handlers)
[GIN-debug] POST   /Req/RespListAccount/create --> my-project/Controllers.ReqListAccountCreateApi (3 handlers)
[GIN-debug] [WARNING] You trusted all proxies, this is NOT safe. We recommend you to set a value.
Please check https://pkg.go.dev/github.com/gin-gonic/gin#readme-don-t-trust-all-proxies for details.
[GIN-debug] Listening and serving HTTP on :8080
{
  "file": "/Users/avanishranjan/Documents/projects/Controllers/ReqListAccountCreate.go:73",
  "func": "my-project/Controllers.ReqListAccountCreateApi",
  "level": "info",
  "msg": "@RespVerifyTokenApi Request body:<token:ReqListAccount xmlns:token=\"http://npci.org/token/schema/\">\n    <Head ver=\"1.0|2.0\" ts=\"\" orgId=\"\" msgId=\"\" prodType=\"PSO\" />\n    <Txn id=\"\" note=\"\" refId=\"\" refUrl=\"\" ts=\"\" type=\"CREATE\" tspId=\"400011\"/>\n    <Link type=\"MOBILE|AADHAAR\" value=\"\" />\n    <Payer addr=\"\" name=\"\" seqNum=\"\" type=\"PERSON|ENTITY\" code=\"\">\n        <Device>\n            <Tag name=\"MOBILE\" value=\"\" />\n            <Tag name=\"GEOCODE\" value=\"\" />\n            <Tag name=\"LOCATION\" value=\"\" />\n            <Tag name=\"IP\" value=\"\" />\n            <Tag name=\"TYPE\" value=\"\" />\n            <Tag name=\"ID\" value=\"\" />\n            <Tag name=\"OS\" value=\"\" />\n            <Tag name=\"APP\" value=\"\" />\n            <Tag name=\"CAPABILITY\" value=\"\" />\n            <Tag name=\"TELECOM\" value=\"\" />\n        </Device>\n        <Ac addrType=\"WALLET\">\n            <Detail name=\"TSPID\" value=\"\" />\n        </Ac>\n    </Payer>\n</token:ReqListAccount>",
  "time": "12007-12-04 44:04:04"
}
{
  "file": "/Users/avanishranjan/Documents/projects/Controllers/ReqListAccountCreate.go:82",
  "func": "my-project/Controllers.ReqListAccountCreateApi",
  "level": "info",
  "msg": "@RespVerifyTokenApi Successfully created request.",
  "time": "12007-12-04 44:04:04"
}
[GIN] 2024/04/12 - 16:33:04 | 200 |     777.044µs |             ::1 | POST     "/Req/RespListAccount/create"
